<?xml version="1.0" encoding="UTF-8"?>
<!-- Generated by org.testng.reporters.JUnitXMLReporter -->
<testsuite hostname="Trollizer-PC" ignored="0" name="Command line test" tests="48" failures="2" timestamp="07 Sep 2017 09:15:11 GMT" time="347.383" errors="0">
  <testcase name="openAdvantagesBlock" time="0.631" classname="tests.AdvantagesFuncTest"/>
  <testcase name="redirectToAdvantagesMap" time="1.517" classname="tests.AdvantagesFuncTest"/>
  <testcase name="redirectToMdmVideo" time="1.858" classname="tests.AdvantagesFuncTest"/>
  <testcase name="redirectToMetroMap" time="0.995" classname="tests.AdvantagesFuncTest"/>
  <testcase name="redirectToParkMap" time="0.973" classname="tests.AdvantagesFuncTest"/>
  <testcase name="redirectToParkingMap" time="0.935" classname="tests.AdvantagesFuncTest"/>
  <testcase name="redirectToTtkMap" time="0.988" classname="tests.AdvantagesFuncTest"/>
  <testcase name="openContactsBlock" time="0.127" classname="tests.ContactsFunctionalTest"/>
  <testcase name="redirectToGoogleMaps" time="6.408" classname="tests.ContactsFunctionalTest"/>
  <testcase name="openEventsBlock" time="0.772" classname="tests.EventsFunctionalTest"/>
  <testcase name="redirectToBuyVipService" time="19.56" classname="tests.EventsFunctionalTest"/>
  <testcase name="redirectToEventInfo" time="1.384" classname="tests.EventsFunctionalTest"/>
  <testcase name="redirectToEventVIPInfo" time="1.394" classname="tests.EventsFunctionalTest"/>
  <testcase name="openInfrastructureBlock" time="0.621" classname="tests.InfrastructureFunctionalTest"/>
  <testcase name="redirectToAllArendatorsTGILink" time="65.155" classname="tests.InfrastructureFunctionalTest"/>
  <testcase name="redirectToBankTrustLink" time="4.063" classname="tests.InfrastructureFunctionalTest"/>
  <testcase name="redirectToMusicleLink" time="24.655" classname="tests.InfrastructureFunctionalTest"/>
  <testcase name="redirectToRestaurantStarBucksLink" time="7.32" classname="tests.InfrastructureFunctionalTest"/>
  <testcase name="redirectToServiceDelovarLink" time="3.551" classname="tests.InfrastructureFunctionalTest"/>
  <testcase name="redirectToShopEliteLink" time="23.653" classname="tests.InfrastructureFunctionalTest"/>
  <testcase name="redirectToSportPilatesLink" time="3.962" classname="tests.InfrastructureFunctionalTest"/>
  <testcase name="redirectToConcertHallsRent" time="0.779" classname="tests.LeftMenuFunctionalTest"/>
  <testcase name="redirectToContactsLink" time="0.436" classname="tests.LeftMenuFunctionalTest"/>
  <testcase name="redirectToEventsLink" time="0.92" classname="tests.LeftMenuFunctionalTest"/>
  <testcase name="redirectToInfrastructureLink" time="0.643" classname="tests.LeftMenuFunctionalTest"/>
  <testcase name="redirectToMainPage" time="0.831" classname="tests.LeftMenuFunctionalTest"/>
  <testcase name="redirectToMdmHistory" time="0.625" classname="tests.LeftMenuFunctionalTest"/>
  <testcase name="redirectToPartnersLink" time="0.727" classname="tests.LeftMenuFunctionalTest"/>
  <testcase name="redirectToRoomsRentLink" time="0.437" classname="tests.LeftMenuFunctionalTest"/>
  <testcase name="closeAdvantagesBlock" time="2.218" classname="tests.MainPageFunctionalTest"/>
  <testcase name="closeEventsBlock" time="1.838" classname="tests.MainPageFunctionalTest"/>
  <testcase name="closeRentBlock" time="1.845" classname="tests.MainPageFunctionalTest"/>
  <testcase name="closeRestaurantsBlock" time="2.339" classname="tests.MainPageFunctionalTest"/>
  <testcase name="redirectToMediaStormLink" time="1.797" classname="tests.MainPageFunctionalTest"/>
  <testcase name="openRentBlock" time="0.55" classname="tests.RentFunctionalTest"/>
  <testcase name="redirectToAllRoomsLink" time="1.161" classname="tests.RentFunctionalTest"/>
  <testcase name="redirectToGreatHallLink" time="1.662" classname="tests.RentFunctionalTest"/>
  <testcase name="redirectToGreatHallOrder" time="6.028" classname="tests.RentFunctionalTest">
    <failure type="org.openqa.selenium.TimeoutException" message="Expected condition failed: waiting for visibility of [[ChromeDriver: chrome on XP (7645b6ff679290a7358da20615beab24)] -&amp;gt; xpath: //*[@class=&amp;apos;g-block__action&amp;apos;]//child::a[@href=&amp;apos;/halls/great.html#gorent&amp;apos;]] (tried for 5 second(s) with 500 MILLISECONDS interval)
Build info: version: &amp;apos;3.4.0&amp;apos;, revision: &amp;apos;unknown&amp;apos;, time: &amp;apos;unknown&amp;apos;
System info: host: &amp;apos;TROLLIZER-PC&amp;apos;, ip: &amp;apos;192.168.116.16&amp;apos;, os.name: &amp;apos;Windows 7&amp;apos;, os.arch: &amp;apos;amd64&amp;apos;, os.version: &amp;apos;6.1&amp;apos;, java.version: &amp;apos;1.8.0_131&amp;apos;
Driver info: org.openqa.selenium.chrome.ChromeDriver
Capabilities [{applicationCacheEnabled=false, rotatable=false, mobileEmulationEnabled=false, networkConnectionEnabled=false, chrome={chromedriverVersion=2.32.498550 (9dec58e66c31bcc53a9ce3c7226f0c1c5810906a), userDataDir=C:\Users\TROLLI~1\AppData\Local\Temp\scoped_dir8852_1041}, takesHeapSnapshot=true, pageLoadStrategy=normal, databaseEnabled=false, handlesAlerts=true, hasTouchScreen=false, version=61.0.3163.79, platform=XP, browserConnectionEnabled=false, nativeEvents=true, acceptSslCerts=true, locationContextEnabled=true, webStorageEnabled=true, browserName=chrome, takesScreenshot=true, javascriptEnabled=true, cssSelectorsEnabled=true, setWindowRect=true, unexpectedAlertBehaviour=}]
Session ID: 7645b6ff679290a7358da20615beab24">
      <![CDATA[org.openqa.selenium.TimeoutException: Expected condition failed: waiting for visibility of [[ChromeDriver: chrome on XP (7645b6ff679290a7358da20615beab24)] -> xpath: //*[@class='g-block__action']//child::a[@href='/halls/great.html#gorent']] (tried for 5 second(s) with 500 MILLISECONDS interval)
Build info: version: '3.4.0', revision: 'unknown', time: 'unknown'
System info: host: 'TROLLIZER-PC', ip: '192.168.116.16', os.name: 'Windows 7', os.arch: 'amd64', os.version: '6.1', java.version: '1.8.0_131'
Driver info: org.openqa.selenium.chrome.ChromeDriver
Capabilities [{applicationCacheEnabled=false, rotatable=false, mobileEmulationEnabled=false, networkConnectionEnabled=false, chrome={chromedriverVersion=2.32.498550 (9dec58e66c31bcc53a9ce3c7226f0c1c5810906a), userDataDir=C:\Users\TROLLI~1\AppData\Local\Temp\scoped_dir8852_1041}, takesHeapSnapshot=true, pageLoadStrategy=normal, databaseEnabled=false, handlesAlerts=true, hasTouchScreen=false, version=61.0.3163.79, platform=XP, browserConnectionEnabled=false, nativeEvents=true, acceptSslCerts=true, locationContextEnabled=true, webStorageEnabled=true, browserName=chrome, takesScreenshot=true, javascriptEnabled=true, cssSelectorsEnabled=true, setWindowRect=true, unexpectedAlertBehaviour=}]
Session ID: 7645b6ff679290a7358da20615beab24
	at org.openqa.selenium.support.ui.WebDriverWait.timeoutException(WebDriverWait.java:80)
	at org.openqa.selenium.support.ui.FluentWait.until(FluentWait.java:232)
	at pages.StartPage.waitUntilVisible(StartPage.java:32)
	at pages.StartPage.clickGreatHallOrderLink(StartPage.java:315)
	at tests.RentFunctionalTest.redirectToGreatHallOrder(RentFunctionalTest.java:48)
... Removed 35 stack frames]]>
    </failure>
  </testcase> <!-- redirectToGreatHallOrder -->
  <testcase name="redirectToParquetHallLink" time="1.447" classname="tests.RentFunctionalTest"/>
  <testcase name="redirectToParquetHallOrder" time="6.104" classname="tests.RentFunctionalTest">
    <failure type="org.openqa.selenium.TimeoutException" message="Expected condition failed: waiting for visibility of [[ChromeDriver: chrome on XP (7645b6ff679290a7358da20615beab24)] -&amp;gt; xpath: //*[@class=&amp;apos;g-block__action&amp;apos;]//child::a[@href=&amp;apos;/halls/parket.html#gorent&amp;apos;]] (tried for 5 second(s) with 500 MILLISECONDS interval)
Build info: version: &amp;apos;3.4.0&amp;apos;, revision: &amp;apos;unknown&amp;apos;, time: &amp;apos;unknown&amp;apos;
System info: host: &amp;apos;TROLLIZER-PC&amp;apos;, ip: &amp;apos;192.168.116.16&amp;apos;, os.name: &amp;apos;Windows 7&amp;apos;, os.arch: &amp;apos;amd64&amp;apos;, os.version: &amp;apos;6.1&amp;apos;, java.version: &amp;apos;1.8.0_131&amp;apos;
Driver info: org.openqa.selenium.chrome.ChromeDriver
Capabilities [{applicationCacheEnabled=false, rotatable=false, mobileEmulationEnabled=false, networkConnectionEnabled=false, chrome={chromedriverVersion=2.32.498550 (9dec58e66c31bcc53a9ce3c7226f0c1c5810906a), userDataDir=C:\Users\TROLLI~1\AppData\Local\Temp\scoped_dir8852_1041}, takesHeapSnapshot=true, pageLoadStrategy=normal, databaseEnabled=false, handlesAlerts=true, hasTouchScreen=false, version=61.0.3163.79, platform=XP, browserConnectionEnabled=false, nativeEvents=true, acceptSslCerts=true, locationContextEnabled=true, webStorageEnabled=true, browserName=chrome, takesScreenshot=true, javascriptEnabled=true, cssSelectorsEnabled=true, setWindowRect=true, unexpectedAlertBehaviour=}]
Session ID: 7645b6ff679290a7358da20615beab24">
      <![CDATA[org.openqa.selenium.TimeoutException: Expected condition failed: waiting for visibility of [[ChromeDriver: chrome on XP (7645b6ff679290a7358da20615beab24)] -> xpath: //*[@class='g-block__action']//child::a[@href='/halls/parket.html#gorent']] (tried for 5 second(s) with 500 MILLISECONDS interval)
Build info: version: '3.4.0', revision: 'unknown', time: 'unknown'
System info: host: 'TROLLIZER-PC', ip: '192.168.116.16', os.name: 'Windows 7', os.arch: 'amd64', os.version: '6.1', java.version: '1.8.0_131'
Driver info: org.openqa.selenium.chrome.ChromeDriver
Capabilities [{applicationCacheEnabled=false, rotatable=false, mobileEmulationEnabled=false, networkConnectionEnabled=false, chrome={chromedriverVersion=2.32.498550 (9dec58e66c31bcc53a9ce3c7226f0c1c5810906a), userDataDir=C:\Users\TROLLI~1\AppData\Local\Temp\scoped_dir8852_1041}, takesHeapSnapshot=true, pageLoadStrategy=normal, databaseEnabled=false, handlesAlerts=true, hasTouchScreen=false, version=61.0.3163.79, platform=XP, browserConnectionEnabled=false, nativeEvents=true, acceptSslCerts=true, locationContextEnabled=true, webStorageEnabled=true, browserName=chrome, takesScreenshot=true, javascriptEnabled=true, cssSelectorsEnabled=true, setWindowRect=true, unexpectedAlertBehaviour=}]
Session ID: 7645b6ff679290a7358da20615beab24
	at org.openqa.selenium.support.ui.WebDriverWait.timeoutException(WebDriverWait.java:80)
	at org.openqa.selenium.support.ui.FluentWait.until(FluentWait.java:232)
	at pages.StartPage.waitUntilVisible(StartPage.java:32)
	at pages.StartPage.clickParquetHallOrderLink(StartPage.java:320)
	at tests.RentFunctionalTest.redirectToParquetHallOrder(RentFunctionalTest.java:55)
... Removed 35 stack frames]]>
    </failure>
  </testcase> <!-- redirectToParquetHallOrder -->
  <testcase name="redirectToWatchAllRoomsLink" time="1.221" classname="tests.RentFunctionalTest"/>
  <testcase name="openRestaurantsBlock" time="1.121" classname="tests.RestaurantsFunctionalTest"/>
  <testcase name="redirectToAllArendatorsList" time="1.545" classname="tests.RestaurantsFunctionalTest"/>
  <testcase name="redirectToCoffeTimeWebSite" time="2.573" classname="tests.RestaurantsFunctionalTest"/>
  <testcase name="redirectToFudaWebSite" time="1.706" classname="tests.RestaurantsFunctionalTest"/>
  <testcase name="redirectToPrazdnikVkusaWebSite" time="9.012" classname="tests.RestaurantsFunctionalTest"/>
  <testcase name="redirectToRestaurantsMap" time="1.459" classname="tests.RestaurantsFunctionalTest"/>
  <testcase name="redirectToStarBucksWebSite" time="7.219" classname="tests.RestaurantsFunctionalTest"/>
</testsuite> <!-- Command line test -->
