<html>
<head>
<title>TestNG:  Command line test</title>
<link href="../testng.css" rel="stylesheet" type="text/css" />
<link href="../my-testng.css" rel="stylesheet" type="text/css" />

<style type="text/css">
.log { display: none;} 
.stack-trace { display: none;} 
</style>
<script type="text/javascript">
<!--
function flip(e) {
  current = e.style.display;
  if (current == 'block') {
    e.style.display = 'none';
    return 0;
  }
  else {
    e.style.display = 'block';
    return 1;
  }
}

function toggleBox(szDivId, elem, msg1, msg2)
{
  var res = -1;  if (document.getElementById) {
    res = flip(document.getElementById(szDivId));
  }
  else if (document.all) {
    // this is the way old msie versions work
    res = flip(document.all[szDivId]);
  }
  if(elem) {
    if(res == 0) elem.innerHTML = msg1; else elem.innerHTML = msg2;
  }

}

function toggleAllBoxes() {
  if (document.getElementsByTagName) {
    d = document.getElementsByTagName('div');
    for (i = 0; i < d.length; i++) {
      if (d[i].className == 'log') {
        flip(d[i]);
      }
    }
  }
}

// -->
</script>

</head>
<body>
<h2 align='center'>Command line test</h2><table border='1' align="center">
<tr>
<td>Tests passed/Failed/Skipped:</td><td>46/2/0</td>
</tr><tr>
<td>Started on:</td><td>Thu Sep 07 12:09:24 EEST 2017</td>
</tr>
<tr><td>Total time:</td><td>347 seconds (347383 ms)</td>
</tr><tr>
<td>Included groups:</td><td></td>
</tr><tr>
<td>Excluded groups:</td><td></td>
</tr>
</table><p/>
<small><i>(Hover the method name to see the test class name)</i></small><p/>
<table width='100%' border='1' class='invocation-failed'>
<tr><td colspan='4' align='center'><b>FAILED TESTS</b></td></tr>
<tr><td><b>Test method</b></td>
<td width="30%"><b>Exception</b></td>
<td width="10%"><b>Time (seconds)</b></td>
<td><b>Instance</b></td>
</tr>
<tr>
<td title='tests.RentFunctionalTest.redirectToGreatHallOrder()'><b>redirectToGreatHallOrder</b><br>Test class: tests.RentFunctionalTest</td>
<td><div><pre>org.openqa.selenium.TimeoutException: Expected condition failed: waiting for visibility of [[ChromeDriver: chrome on XP (7645b6ff679290a7358da20615beab24)] -&gt; xpath: //*[@class=&apos;g-block__action&apos;]//child::a[@href=&apos;/halls/great.html#gorent&apos;]] (tried for 5 second(s) with 500 MILLISECONDS interval)
Build info: version: &apos;3.4.0&apos;, revision: &apos;unknown&apos;, time: &apos;unknown&apos;
System info: host: &apos;TROLLIZER-PC&apos;, ip: &apos;192.168.116.16&apos;, os.name: &apos;Windows 7&apos;, os.arch: &apos;amd64&apos;, os.version: &apos;6.1&apos;, java.version: &apos;1.8.0_131&apos;
Driver info: org.openqa.selenium.chrome.ChromeDriver
Capabilities [{applicationCacheEnabled=false, rotatable=false, mobileEmulationEnabled=false, networkConnectionEnabled=false, chrome={chromedriverVersion=2.32.498550 (9dec58e66c31bcc53a9ce3c7226f0c1c5810906a), userDataDir=C:\Users\TROLLI~1\AppData\Local\Temp\scoped_dir8852_1041}, takesHeapSnapshot=true, pageLoadStrategy=normal, databaseEnabled=false, handlesAlerts=true, hasTouchScreen=false, version=61.0.3163.79, platform=XP, browserConnectionEnabled=false, nativeEvents=true, acceptSslCerts=true, locationContextEnabled=true, webStorageEnabled=true, browserName=chrome, takesScreenshot=true, javascriptEnabled=true, cssSelectorsEnabled=true, setWindowRect=true, unexpectedAlertBehaviour=}]
Session ID: 7645b6ff679290a7358da20615beab24
	at org.openqa.selenium.support.ui.WebDriverWait.timeoutException(WebDriverWait.java:80)
	at org.openqa.selenium.support.ui.FluentWait.until(FluentWait.java:232)
	at pages.StartPage.waitUntilVisible(StartPage.java:32)
	at pages.StartPage.clickGreatHallOrderLink(StartPage.java:315)
	at tests.RentFunctionalTest.redirectToGreatHallOrder(RentFunctionalTest.java:48)
... Removed 35 stack frames</pre></div><a href='#' onClick='toggleBox("stack-trace1237740254", this, "Click to show all stack frames", "Click to hide stack frames")'>Click to show all stack frames</a>
<div class='stack-trace' id='stack-trace1237740254'><pre>org.openqa.selenium.TimeoutException: Expected condition failed: waiting for visibility of [[ChromeDriver: chrome on XP (7645b6ff679290a7358da20615beab24)] -&gt; xpath: //*[@class=&apos;g-block__action&apos;]//child::a[@href=&apos;/halls/great.html#gorent&apos;]] (tried for 5 second(s) with 500 MILLISECONDS interval)
Build info: version: &apos;3.4.0&apos;, revision: &apos;unknown&apos;, time: &apos;unknown&apos;
System info: host: &apos;TROLLIZER-PC&apos;, ip: &apos;192.168.116.16&apos;, os.name: &apos;Windows 7&apos;, os.arch: &apos;amd64&apos;, os.version: &apos;6.1&apos;, java.version: &apos;1.8.0_131&apos;
Driver info: org.openqa.selenium.chrome.ChromeDriver
Capabilities [{applicationCacheEnabled=false, rotatable=false, mobileEmulationEnabled=false, networkConnectionEnabled=false, chrome={chromedriverVersion=2.32.498550 (9dec58e66c31bcc53a9ce3c7226f0c1c5810906a), userDataDir=C:\Users\TROLLI~1\AppData\Local\Temp\scoped_dir8852_1041}, takesHeapSnapshot=true, pageLoadStrategy=normal, databaseEnabled=false, handlesAlerts=true, hasTouchScreen=false, version=61.0.3163.79, platform=XP, browserConnectionEnabled=false, nativeEvents=true, acceptSslCerts=true, locationContextEnabled=true, webStorageEnabled=true, browserName=chrome, takesScreenshot=true, javascriptEnabled=true, cssSelectorsEnabled=true, setWindowRect=true, unexpectedAlertBehaviour=}]
Session ID: 7645b6ff679290a7358da20615beab24
	at org.openqa.selenium.support.ui.WebDriverWait.timeoutException(WebDriverWait.java:80)
	at org.openqa.selenium.support.ui.FluentWait.until(FluentWait.java:232)
	at pages.StartPage.waitUntilVisible(StartPage.java:32)
	at pages.StartPage.clickGreatHallOrderLink(StartPage.java:315)
	at tests.RentFunctionalTest.redirectToGreatHallOrder(RentFunctionalTest.java:48)
	at sun.reflect.NativeMethodAccessorImpl.invoke0(Native Method)
	at sun.reflect.NativeMethodAccessorImpl.invoke(NativeMethodAccessorImpl.java:62)
	at sun.reflect.DelegatingMethodAccessorImpl.invoke(DelegatingMethodAccessorImpl.java:43)
	at java.lang.reflect.Method.invoke(Method.java:498)
	at org.testng.internal.MethodInvocationHelper.invokeMethod(MethodInvocationHelper.java:108)
	at org.testng.internal.Invoker.invokeMethod(Invoker.java:661)
	at org.testng.internal.Invoker.invokeTestMethod(Invoker.java:869)
	at org.testng.internal.Invoker.invokeTestMethods(Invoker.java:1193)
	at org.testng.internal.TestMethodWorker.invokeTestMethods(TestMethodWorker.java:126)
	at org.testng.internal.TestMethodWorker.run(TestMethodWorker.java:109)
	at org.testng.TestRunner.privateRun(TestRunner.java:744)
	at org.testng.TestRunner.run(TestRunner.java:602)
	at org.testng.SuiteRunner.runTest(SuiteRunner.java:380)
	at org.testng.SuiteRunner.runSequentially(SuiteRunner.java:375)
	at org.testng.SuiteRunner.privateRun(SuiteRunner.java:340)
	at org.testng.SuiteRunner.run(SuiteRunner.java:289)
	at org.testng.SuiteRunnerWorker.runSuite(SuiteRunnerWorker.java:52)
	at org.testng.SuiteRunnerWorker.run(SuiteRunnerWorker.java:86)
	at org.testng.TestNG.runSuitesSequentially(TestNG.java:1301)
	at org.testng.TestNG.runSuitesLocally(TestNG.java:1226)
	at org.testng.TestNG.runSuites(TestNG.java:1144)
	at org.testng.TestNG.run(TestNG.java:1115)
	at org.apache.maven.surefire.testng.TestNGExecutor.run(TestNGExecutor.java:77)
	at org.apache.maven.surefire.testng.TestNGDirectoryTestSuite.executeMulti(TestNGDirectoryTestSuite.java:159)
	at org.apache.maven.surefire.testng.TestNGDirectoryTestSuite.execute(TestNGDirectoryTestSuite.java:99)
	at org.apache.maven.surefire.testng.TestNGProvider.invoke(TestNGProvider.java:106)
	at sun.reflect.NativeMethodAccessorImpl.invoke0(Native Method)
	at sun.reflect.NativeMethodAccessorImpl.invoke(NativeMethodAccessorImpl.java:62)
	at sun.reflect.DelegatingMethodAccessorImpl.invoke(DelegatingMethodAccessorImpl.java:43)
	at java.lang.reflect.Method.invoke(Method.java:498)
	at org.apache.maven.surefire.util.ReflectionUtils.invokeMethodWithArray(ReflectionUtils.java:189)
	at org.apache.maven.surefire.booter.ProviderFactory$ProviderProxy.invoke(ProviderFactory.java:165)
	at org.apache.maven.surefire.booter.ProviderFactory.invokeProvider(ProviderFactory.java:85)
	at org.apache.maven.surefire.booter.ForkedBooter.runSuitesInProcess(ForkedBooter.java:115)
	at org.apache.maven.surefire.booter.ForkedBooter.main(ForkedBooter.java:75)
</pre></div></td>
<td>6</td>
<td>tests.RentFunctionalTest@2ef9b8bc</td></tr>
<tr>
<td title='tests.RentFunctionalTest.redirectToParquetHallOrder()'><b>redirectToParquetHallOrder</b><br>Test class: tests.RentFunctionalTest</td>
<td><div><pre>org.openqa.selenium.TimeoutException: Expected condition failed: waiting for visibility of [[ChromeDriver: chrome on XP (7645b6ff679290a7358da20615beab24)] -&gt; xpath: //*[@class=&apos;g-block__action&apos;]//child::a[@href=&apos;/halls/parket.html#gorent&apos;]] (tried for 5 second(s) with 500 MILLISECONDS interval)
Build info: version: &apos;3.4.0&apos;, revision: &apos;unknown&apos;, time: &apos;unknown&apos;
System info: host: &apos;TROLLIZER-PC&apos;, ip: &apos;192.168.116.16&apos;, os.name: &apos;Windows 7&apos;, os.arch: &apos;amd64&apos;, os.version: &apos;6.1&apos;, java.version: &apos;1.8.0_131&apos;
Driver info: org.openqa.selenium.chrome.ChromeDriver
Capabilities [{applicationCacheEnabled=false, rotatable=false, mobileEmulationEnabled=false, networkConnectionEnabled=false, chrome={chromedriverVersion=2.32.498550 (9dec58e66c31bcc53a9ce3c7226f0c1c5810906a), userDataDir=C:\Users\TROLLI~1\AppData\Local\Temp\scoped_dir8852_1041}, takesHeapSnapshot=true, pageLoadStrategy=normal, databaseEnabled=false, handlesAlerts=true, hasTouchScreen=false, version=61.0.3163.79, platform=XP, browserConnectionEnabled=false, nativeEvents=true, acceptSslCerts=true, locationContextEnabled=true, webStorageEnabled=true, browserName=chrome, takesScreenshot=true, javascriptEnabled=true, cssSelectorsEnabled=true, setWindowRect=true, unexpectedAlertBehaviour=}]
Session ID: 7645b6ff679290a7358da20615beab24
	at org.openqa.selenium.support.ui.WebDriverWait.timeoutException(WebDriverWait.java:80)
	at org.openqa.selenium.support.ui.FluentWait.until(FluentWait.java:232)
	at pages.StartPage.waitUntilVisible(StartPage.java:32)
	at pages.StartPage.clickParquetHallOrderLink(StartPage.java:320)
	at tests.RentFunctionalTest.redirectToParquetHallOrder(RentFunctionalTest.java:55)
... Removed 35 stack frames</pre></div><a href='#' onClick='toggleBox("stack-trace1435229983", this, "Click to show all stack frames", "Click to hide stack frames")'>Click to show all stack frames</a>
<div class='stack-trace' id='stack-trace1435229983'><pre>org.openqa.selenium.TimeoutException: Expected condition failed: waiting for visibility of [[ChromeDriver: chrome on XP (7645b6ff679290a7358da20615beab24)] -&gt; xpath: //*[@class=&apos;g-block__action&apos;]//child::a[@href=&apos;/halls/parket.html#gorent&apos;]] (tried for 5 second(s) with 500 MILLISECONDS interval)
Build info: version: &apos;3.4.0&apos;, revision: &apos;unknown&apos;, time: &apos;unknown&apos;
System info: host: &apos;TROLLIZER-PC&apos;, ip: &apos;192.168.116.16&apos;, os.name: &apos;Windows 7&apos;, os.arch: &apos;amd64&apos;, os.version: &apos;6.1&apos;, java.version: &apos;1.8.0_131&apos;
Driver info: org.openqa.selenium.chrome.ChromeDriver
Capabilities [{applicationCacheEnabled=false, rotatable=false, mobileEmulationEnabled=false, networkConnectionEnabled=false, chrome={chromedriverVersion=2.32.498550 (9dec58e66c31bcc53a9ce3c7226f0c1c5810906a), userDataDir=C:\Users\TROLLI~1\AppData\Local\Temp\scoped_dir8852_1041}, takesHeapSnapshot=true, pageLoadStrategy=normal, databaseEnabled=false, handlesAlerts=true, hasTouchScreen=false, version=61.0.3163.79, platform=XP, browserConnectionEnabled=false, nativeEvents=true, acceptSslCerts=true, locationContextEnabled=true, webStorageEnabled=true, browserName=chrome, takesScreenshot=true, javascriptEnabled=true, cssSelectorsEnabled=true, setWindowRect=true, unexpectedAlertBehaviour=}]
Session ID: 7645b6ff679290a7358da20615beab24
	at org.openqa.selenium.support.ui.WebDriverWait.timeoutException(WebDriverWait.java:80)
	at org.openqa.selenium.support.ui.FluentWait.until(FluentWait.java:232)
	at pages.StartPage.waitUntilVisible(StartPage.java:32)
	at pages.StartPage.clickParquetHallOrderLink(StartPage.java:320)
	at tests.RentFunctionalTest.redirectToParquetHallOrder(RentFunctionalTest.java:55)
	at sun.reflect.NativeMethodAccessorImpl.invoke0(Native Method)
	at sun.reflect.NativeMethodAccessorImpl.invoke(NativeMethodAccessorImpl.java:62)
	at sun.reflect.DelegatingMethodAccessorImpl.invoke(DelegatingMethodAccessorImpl.java:43)
	at java.lang.reflect.Method.invoke(Method.java:498)
	at org.testng.internal.MethodInvocationHelper.invokeMethod(MethodInvocationHelper.java:108)
	at org.testng.internal.Invoker.invokeMethod(Invoker.java:661)
	at org.testng.internal.Invoker.invokeTestMethod(Invoker.java:869)
	at org.testng.internal.Invoker.invokeTestMethods(Invoker.java:1193)
	at org.testng.internal.TestMethodWorker.invokeTestMethods(TestMethodWorker.java:126)
	at org.testng.internal.TestMethodWorker.run(TestMethodWorker.java:109)
	at org.testng.TestRunner.privateRun(TestRunner.java:744)
	at org.testng.TestRunner.run(TestRunner.java:602)
	at org.testng.SuiteRunner.runTest(SuiteRunner.java:380)
	at org.testng.SuiteRunner.runSequentially(SuiteRunner.java:375)
	at org.testng.SuiteRunner.privateRun(SuiteRunner.java:340)
	at org.testng.SuiteRunner.run(SuiteRunner.java:289)
	at org.testng.SuiteRunnerWorker.runSuite(SuiteRunnerWorker.java:52)
	at org.testng.SuiteRunnerWorker.run(SuiteRunnerWorker.java:86)
	at org.testng.TestNG.runSuitesSequentially(TestNG.java:1301)
	at org.testng.TestNG.runSuitesLocally(TestNG.java:1226)
	at org.testng.TestNG.runSuites(TestNG.java:1144)
	at org.testng.TestNG.run(TestNG.java:1115)
	at org.apache.maven.surefire.testng.TestNGExecutor.run(TestNGExecutor.java:77)
	at org.apache.maven.surefire.testng.TestNGDirectoryTestSuite.executeMulti(TestNGDirectoryTestSuite.java:159)
	at org.apache.maven.surefire.testng.TestNGDirectoryTestSuite.execute(TestNGDirectoryTestSuite.java:99)
	at org.apache.maven.surefire.testng.TestNGProvider.invoke(TestNGProvider.java:106)
	at sun.reflect.NativeMethodAccessorImpl.invoke0(Native Method)
	at sun.reflect.NativeMethodAccessorImpl.invoke(NativeMethodAccessorImpl.java:62)
	at sun.reflect.DelegatingMethodAccessorImpl.invoke(DelegatingMethodAccessorImpl.java:43)
	at java.lang.reflect.Method.invoke(Method.java:498)
	at org.apache.maven.surefire.util.ReflectionUtils.invokeMethodWithArray(ReflectionUtils.java:189)
	at org.apache.maven.surefire.booter.ProviderFactory$ProviderProxy.invoke(ProviderFactory.java:165)
	at org.apache.maven.surefire.booter.ProviderFactory.invokeProvider(ProviderFactory.java:85)
	at org.apache.maven.surefire.booter.ForkedBooter.runSuitesInProcess(ForkedBooter.java:115)
	at org.apache.maven.surefire.booter.ForkedBooter.main(ForkedBooter.java:75)
</pre></div></td>
<td>6</td>
<td>tests.RentFunctionalTest@2ef9b8bc</td></tr>
</table><p>
<table width='100%' border='1' class='invocation-passed'>
<tr><td colspan='4' align='center'><b>PASSED TESTS</b></td></tr>
<tr><td><b>Test method</b></td>
<td width="30%"><b>Exception</b></td>
<td width="10%"><b>Time (seconds)</b></td>
<td><b>Instance</b></td>
</tr>
<tr>
<td title='tests.MainPageFunctionalTest.closeAdvantagesBlock()'><b>closeAdvantagesBlock</b><br>Test class: tests.MainPageFunctionalTest</td>
<td></td>
<td>2</td>
<td>tests.MainPageFunctionalTest@5315b42e</td></tr>
<tr>
<td title='tests.MainPageFunctionalTest.closeEventsBlock()'><b>closeEventsBlock</b><br>Test class: tests.MainPageFunctionalTest</td>
<td></td>
<td>1</td>
<td>tests.MainPageFunctionalTest@5315b42e</td></tr>
<tr>
<td title='tests.MainPageFunctionalTest.closeRentBlock()'><b>closeRentBlock</b><br>Test class: tests.MainPageFunctionalTest</td>
<td></td>
<td>1</td>
<td>tests.MainPageFunctionalTest@5315b42e</td></tr>
<tr>
<td title='tests.MainPageFunctionalTest.closeRestaurantsBlock()'><b>closeRestaurantsBlock</b><br>Test class: tests.MainPageFunctionalTest</td>
<td></td>
<td>2</td>
<td>tests.MainPageFunctionalTest@5315b42e</td></tr>
<tr>
<td title='tests.AdvantagesFuncTest.openAdvantagesBlock()'><b>openAdvantagesBlock</b><br>Test class: tests.AdvantagesFuncTest</td>
<td></td>
<td>0</td>
<td>tests.AdvantagesFuncTest@180bc464</td></tr>
<tr>
<td title='tests.ContactsFunctionalTest.openContactsBlock()'><b>openContactsBlock</b><br>Test class: tests.ContactsFunctionalTest</td>
<td></td>
<td>0</td>
<td>tests.ContactsFunctionalTest@1324409e</td></tr>
<tr>
<td title='tests.EventsFunctionalTest.openEventsBlock()'><b>openEventsBlock</b><br>Test class: tests.EventsFunctionalTest</td>
<td></td>
<td>0</td>
<td>tests.EventsFunctionalTest@2c6a3f77</td></tr>
<tr>
<td title='tests.InfrastructureFunctionalTest.openInfrastructureBlock()'><b>openInfrastructureBlock</b><br>Test class: tests.InfrastructureFunctionalTest</td>
<td></td>
<td>0</td>
<td>tests.InfrastructureFunctionalTest@246ae04d</td></tr>
<tr>
<td title='tests.RentFunctionalTest.openRentBlock()'><b>openRentBlock</b><br>Test class: tests.RentFunctionalTest</td>
<td></td>
<td>0</td>
<td>tests.RentFunctionalTest@2ef9b8bc</td></tr>
<tr>
<td title='tests.RestaurantsFunctionalTest.openRestaurantsBlock()'><b>openRestaurantsBlock</b><br>Test class: tests.RestaurantsFunctionalTest</td>
<td></td>
<td>1</td>
<td>tests.RestaurantsFunctionalTest@5d624da6</td></tr>
<tr>
<td title='tests.AdvantagesFuncTest.redirectToAdvantagesMap()'><b>redirectToAdvantagesMap</b><br>Test class: tests.AdvantagesFuncTest</td>
<td></td>
<td>1</td>
<td>tests.AdvantagesFuncTest@180bc464</td></tr>
<tr>
<td title='tests.RestaurantsFunctionalTest.redirectToAllArendatorsList()'><b>redirectToAllArendatorsList</b><br>Test class: tests.RestaurantsFunctionalTest</td>
<td></td>
<td>1</td>
<td>tests.RestaurantsFunctionalTest@5d624da6</td></tr>
<tr>
<td title='tests.InfrastructureFunctionalTest.redirectToAllArendatorsTGILink()'><b>redirectToAllArendatorsTGILink</b><br>Test class: tests.InfrastructureFunctionalTest</td>
<td></td>
<td>65</td>
<td>tests.InfrastructureFunctionalTest@246ae04d</td></tr>
<tr>
<td title='tests.RentFunctionalTest.redirectToAllRoomsLink()'><b>redirectToAllRoomsLink</b><br>Test class: tests.RentFunctionalTest</td>
<td></td>
<td>1</td>
<td>tests.RentFunctionalTest@2ef9b8bc</td></tr>
<tr>
<td title='tests.InfrastructureFunctionalTest.redirectToBankTrustLink()'><b>redirectToBankTrustLink</b><br>Test class: tests.InfrastructureFunctionalTest</td>
<td></td>
<td>4</td>
<td>tests.InfrastructureFunctionalTest@246ae04d</td></tr>
<tr>
<td title='tests.EventsFunctionalTest.redirectToBuyVipService()'><b>redirectToBuyVipService</b><br>Test class: tests.EventsFunctionalTest</td>
<td></td>
<td>19</td>
<td>tests.EventsFunctionalTest@2c6a3f77</td></tr>
<tr>
<td title='tests.RestaurantsFunctionalTest.redirectToCoffeTimeWebSite()'><b>redirectToCoffeTimeWebSite</b><br>Test class: tests.RestaurantsFunctionalTest</td>
<td></td>
<td>2</td>
<td>tests.RestaurantsFunctionalTest@5d624da6</td></tr>
<tr>
<td title='tests.LeftMenuFunctionalTest.redirectToConcertHallsRent()'><b>redirectToConcertHallsRent</b><br>Test class: tests.LeftMenuFunctionalTest</td>
<td></td>
<td>0</td>
<td>tests.LeftMenuFunctionalTest@62043840</td></tr>
<tr>
<td title='tests.LeftMenuFunctionalTest.redirectToContactsLink()'><b>redirectToContactsLink</b><br>Test class: tests.LeftMenuFunctionalTest</td>
<td></td>
<td>0</td>
<td>tests.LeftMenuFunctionalTest@62043840</td></tr>
<tr>
<td title='tests.EventsFunctionalTest.redirectToEventInfo()'><b>redirectToEventInfo</b><br>Test class: tests.EventsFunctionalTest</td>
<td></td>
<td>1</td>
<td>tests.EventsFunctionalTest@2c6a3f77</td></tr>
<tr>
<td title='tests.EventsFunctionalTest.redirectToEventVIPInfo()'><b>redirectToEventVIPInfo</b><br>Test class: tests.EventsFunctionalTest</td>
<td></td>
<td>1</td>
<td>tests.EventsFunctionalTest@2c6a3f77</td></tr>
<tr>
<td title='tests.LeftMenuFunctionalTest.redirectToEventsLink()'><b>redirectToEventsLink</b><br>Test class: tests.LeftMenuFunctionalTest</td>
<td></td>
<td>0</td>
<td>tests.LeftMenuFunctionalTest@62043840</td></tr>
<tr>
<td title='tests.RestaurantsFunctionalTest.redirectToFudaWebSite()'><b>redirectToFudaWebSite</b><br>Test class: tests.RestaurantsFunctionalTest</td>
<td></td>
<td>1</td>
<td>tests.RestaurantsFunctionalTest@5d624da6</td></tr>
<tr>
<td title='tests.ContactsFunctionalTest.redirectToGoogleMaps()'><b>redirectToGoogleMaps</b><br>Test class: tests.ContactsFunctionalTest</td>
<td></td>
<td>6</td>
<td>tests.ContactsFunctionalTest@1324409e</td></tr>
<tr>
<td title='tests.RentFunctionalTest.redirectToGreatHallLink()'><b>redirectToGreatHallLink</b><br>Test class: tests.RentFunctionalTest</td>
<td></td>
<td>1</td>
<td>tests.RentFunctionalTest@2ef9b8bc</td></tr>
<tr>
<td title='tests.LeftMenuFunctionalTest.redirectToInfrastructureLink()'><b>redirectToInfrastructureLink</b><br>Test class: tests.LeftMenuFunctionalTest</td>
<td></td>
<td>0</td>
<td>tests.LeftMenuFunctionalTest@62043840</td></tr>
<tr>
<td title='tests.LeftMenuFunctionalTest.redirectToMainPage()'><b>redirectToMainPage</b><br>Test class: tests.LeftMenuFunctionalTest</td>
<td></td>
<td>0</td>
<td>tests.LeftMenuFunctionalTest@62043840</td></tr>
<tr>
<td title='tests.LeftMenuFunctionalTest.redirectToMdmHistory()'><b>redirectToMdmHistory</b><br>Test class: tests.LeftMenuFunctionalTest</td>
<td></td>
<td>0</td>
<td>tests.LeftMenuFunctionalTest@62043840</td></tr>
<tr>
<td title='tests.AdvantagesFuncTest.redirectToMdmVideo()'><b>redirectToMdmVideo</b><br>Test class: tests.AdvantagesFuncTest</td>
<td></td>
<td>1</td>
<td>tests.AdvantagesFuncTest@180bc464</td></tr>
<tr>
<td title='tests.MainPageFunctionalTest.redirectToMediaStormLink()'><b>redirectToMediaStormLink</b><br>Test class: tests.MainPageFunctionalTest</td>
<td></td>
<td>1</td>
<td>tests.MainPageFunctionalTest@5315b42e</td></tr>
<tr>
<td title='tests.AdvantagesFuncTest.redirectToMetroMap()'><b>redirectToMetroMap</b><br>Test class: tests.AdvantagesFuncTest</td>
<td></td>
<td>0</td>
<td>tests.AdvantagesFuncTest@180bc464</td></tr>
<tr>
<td title='tests.InfrastructureFunctionalTest.redirectToMusicleLink()'><b>redirectToMusicleLink</b><br>Test class: tests.InfrastructureFunctionalTest</td>
<td></td>
<td>24</td>
<td>tests.InfrastructureFunctionalTest@246ae04d</td></tr>
<tr>
<td title='tests.AdvantagesFuncTest.redirectToParkMap()'><b>redirectToParkMap</b><br>Test class: tests.AdvantagesFuncTest</td>
<td></td>
<td>0</td>
<td>tests.AdvantagesFuncTest@180bc464</td></tr>
<tr>
<td title='tests.AdvantagesFuncTest.redirectToParkingMap()'><b>redirectToParkingMap</b><br>Test class: tests.AdvantagesFuncTest</td>
<td></td>
<td>0</td>
<td>tests.AdvantagesFuncTest@180bc464</td></tr>
<tr>
<td title='tests.RentFunctionalTest.redirectToParquetHallLink()'><b>redirectToParquetHallLink</b><br>Test class: tests.RentFunctionalTest</td>
<td></td>
<td>1</td>
<td>tests.RentFunctionalTest@2ef9b8bc</td></tr>
<tr>
<td title='tests.LeftMenuFunctionalTest.redirectToPartnersLink()'><b>redirectToPartnersLink</b><br>Test class: tests.LeftMenuFunctionalTest</td>
<td></td>
<td>0</td>
<td>tests.LeftMenuFunctionalTest@62043840</td></tr>
<tr>
<td title='tests.RestaurantsFunctionalTest.redirectToPrazdnikVkusaWebSite()'><b>redirectToPrazdnikVkusaWebSite</b><br>Test class: tests.RestaurantsFunctionalTest</td>
<td></td>
<td>9</td>
<td>tests.RestaurantsFunctionalTest@5d624da6</td></tr>
<tr>
<td title='tests.InfrastructureFunctionalTest.redirectToRestaurantStarBucksLink()'><b>redirectToRestaurantStarBucksLink</b><br>Test class: tests.InfrastructureFunctionalTest</td>
<td></td>
<td>7</td>
<td>tests.InfrastructureFunctionalTest@246ae04d</td></tr>
<tr>
<td title='tests.RestaurantsFunctionalTest.redirectToRestaurantsMap()'><b>redirectToRestaurantsMap</b><br>Test class: tests.RestaurantsFunctionalTest</td>
<td></td>
<td>1</td>
<td>tests.RestaurantsFunctionalTest@5d624da6</td></tr>
<tr>
<td title='tests.LeftMenuFunctionalTest.redirectToRoomsRentLink()'><b>redirectToRoomsRentLink</b><br>Test class: tests.LeftMenuFunctionalTest</td>
<td></td>
<td>0</td>
<td>tests.LeftMenuFunctionalTest@62043840</td></tr>
<tr>
<td title='tests.InfrastructureFunctionalTest.redirectToServiceDelovarLink()'><b>redirectToServiceDelovarLink</b><br>Test class: tests.InfrastructureFunctionalTest</td>
<td></td>
<td>3</td>
<td>tests.InfrastructureFunctionalTest@246ae04d</td></tr>
<tr>
<td title='tests.InfrastructureFunctionalTest.redirectToShopEliteLink()'><b>redirectToShopEliteLink</b><br>Test class: tests.InfrastructureFunctionalTest</td>
<td></td>
<td>23</td>
<td>tests.InfrastructureFunctionalTest@246ae04d</td></tr>
<tr>
<td title='tests.InfrastructureFunctionalTest.redirectToSportPilatesLink()'><b>redirectToSportPilatesLink</b><br>Test class: tests.InfrastructureFunctionalTest</td>
<td></td>
<td>3</td>
<td>tests.InfrastructureFunctionalTest@246ae04d</td></tr>
<tr>
<td title='tests.RestaurantsFunctionalTest.redirectToStarBucksWebSite()'><b>redirectToStarBucksWebSite</b><br>Test class: tests.RestaurantsFunctionalTest</td>
<td></td>
<td>7</td>
<td>tests.RestaurantsFunctionalTest@5d624da6</td></tr>
<tr>
<td title='tests.AdvantagesFuncTest.redirectToTtkMap()'><b>redirectToTtkMap</b><br>Test class: tests.AdvantagesFuncTest</td>
<td></td>
<td>0</td>
<td>tests.AdvantagesFuncTest@180bc464</td></tr>
<tr>
<td title='tests.RentFunctionalTest.redirectToWatchAllRoomsLink()'><b>redirectToWatchAllRoomsLink</b><br>Test class: tests.RentFunctionalTest</td>
<td></td>
<td>1</td>
<td>tests.RentFunctionalTest@2ef9b8bc</td></tr>
</table><p>
</body>
</html>