<?xml version="1.0" encoding="UTF-8"?>
<testng-results skipped="0" failed="2" ignored="0" total="48" passed="46">
  <reporter-output>
  </reporter-output>
  <suite name="Command line suite" duration-ms="347383" started-at="2017-09-07T09:09:24Z" finished-at="2017-09-07T09:15:11Z">
    <groups>
    </groups>
    <test name="Command line test" duration-ms="347383" started-at="2017-09-07T09:09:24Z" finished-at="2017-09-07T09:15:11Z">
      <class name="tests.InfrastructureFunctionalTest">
        <test-method status="PASS" signature="beforeClassSetUp()[pri:0, instance:tests.InfrastructureFunctionalTest@246ae04d]" name="beforeClassSetUp" is-config="true" duration-ms="6847" started-at="2017-09-07T12:10:52Z" finished-at="2017-09-07T12:10:59Z">
          <reporter-output>
          </reporter-output>
        </test-method> <!-- beforeClassSetUp -->
        <test-method status="PASS" signature="prepareTest()[pri:0, instance:tests.InfrastructureFunctionalTest@246ae04d]" name="prepareTest" is-config="true" duration-ms="1059" started-at="2017-09-07T12:10:59Z" finished-at="2017-09-07T12:11:00Z">
          <reporter-output>
          </reporter-output>
        </test-method> <!-- prepareTest -->
        <test-method status="PASS" signature="openInfrastructureBlock()[pri:0, instance:tests.InfrastructureFunctionalTest@246ae04d]" name="openInfrastructureBlock" duration-ms="621" started-at="2017-09-07T12:11:00Z" finished-at="2017-09-07T12:11:00Z">
          <reporter-output>
          </reporter-output>
        </test-method> <!-- openInfrastructureBlock -->
        <test-method status="PASS" signature="getInitialTestSetup()[pri:0, instance:tests.InfrastructureFunctionalTest@246ae04d]" name="getInitialTestSetup" is-config="true" duration-ms="8" started-at="2017-09-07T12:11:00Z" finished-at="2017-09-07T12:11:00Z">
          <reporter-output>
          </reporter-output>
        </test-method> <!-- getInitialTestSetup -->
        <test-method status="PASS" signature="prepareTest()[pri:0, instance:tests.InfrastructureFunctionalTest@246ae04d]" name="prepareTest" is-config="true" duration-ms="28" started-at="2017-09-07T12:11:00Z" finished-at="2017-09-07T12:11:00Z">
          <reporter-output>
          </reporter-output>
        </test-method> <!-- prepareTest -->
        <test-method status="PASS" signature="redirectToAllArendatorsTGILink()[pri:0, instance:tests.InfrastructureFunctionalTest@246ae04d]" name="redirectToAllArendatorsTGILink" duration-ms="65155" started-at="2017-09-07T12:11:00Z" finished-at="2017-09-07T12:12:06Z">
          <reporter-output>
          </reporter-output>
        </test-method> <!-- redirectToAllArendatorsTGILink -->
        <test-method status="PASS" signature="getInitialTestSetup()[pri:0, instance:tests.InfrastructureFunctionalTest@246ae04d]" name="getInitialTestSetup" is-config="true" duration-ms="213" started-at="2017-09-07T12:12:06Z" finished-at="2017-09-07T12:12:06Z">
          <reporter-output>
          </reporter-output>
        </test-method> <!-- getInitialTestSetup -->
        <test-method status="PASS" signature="prepareTest()[pri:0, instance:tests.InfrastructureFunctionalTest@246ae04d]" name="prepareTest" is-config="true" duration-ms="217" started-at="2017-09-07T12:12:06Z" finished-at="2017-09-07T12:12:06Z">
          <reporter-output>
          </reporter-output>
        </test-method> <!-- prepareTest -->
        <test-method status="PASS" signature="redirectToBankTrustLink()[pri:0, instance:tests.InfrastructureFunctionalTest@246ae04d]" name="redirectToBankTrustLink" duration-ms="4063" started-at="2017-09-07T12:12:06Z" finished-at="2017-09-07T12:12:10Z">
          <reporter-output>
          </reporter-output>
        </test-method> <!-- redirectToBankTrustLink -->
        <test-method status="PASS" signature="getInitialTestSetup()[pri:0, instance:tests.InfrastructureFunctionalTest@246ae04d]" name="getInitialTestSetup" is-config="true" duration-ms="147" started-at="2017-09-07T12:12:10Z" finished-at="2017-09-07T12:12:10Z">
          <reporter-output>
          </reporter-output>
        </test-method> <!-- getInitialTestSetup -->
        <test-method status="PASS" signature="prepareTest()[pri:0, instance:tests.InfrastructureFunctionalTest@246ae04d]" name="prepareTest" is-config="true" duration-ms="189" started-at="2017-09-07T12:12:10Z" finished-at="2017-09-07T12:12:10Z">
          <reporter-output>
          </reporter-output>
        </test-method> <!-- prepareTest -->
        <test-method status="PASS" signature="redirectToMusicleLink()[pri:0, instance:tests.InfrastructureFunctionalTest@246ae04d]" name="redirectToMusicleLink" duration-ms="24655" started-at="2017-09-07T12:12:10Z" finished-at="2017-09-07T12:12:35Z">
          <reporter-output>
          </reporter-output>
        </test-method> <!-- redirectToMusicleLink -->
        <test-method status="PASS" signature="getInitialTestSetup()[pri:0, instance:tests.InfrastructureFunctionalTest@246ae04d]" name="getInitialTestSetup" is-config="true" duration-ms="158" started-at="2017-09-07T12:12:35Z" finished-at="2017-09-07T12:12:35Z">
          <reporter-output>
          </reporter-output>
        </test-method> <!-- getInitialTestSetup -->
        <test-method status="PASS" signature="prepareTest()[pri:0, instance:tests.InfrastructureFunctionalTest@246ae04d]" name="prepareTest" is-config="true" duration-ms="172" started-at="2017-09-07T12:12:35Z" finished-at="2017-09-07T12:12:35Z">
          <reporter-output>
          </reporter-output>
        </test-method> <!-- prepareTest -->
        <test-method status="PASS" signature="redirectToRestaurantStarBucksLink()[pri:0, instance:tests.InfrastructureFunctionalTest@246ae04d]" name="redirectToRestaurantStarBucksLink" duration-ms="7320" started-at="2017-09-07T12:12:35Z" finished-at="2017-09-07T12:12:43Z">
          <reporter-output>
          </reporter-output>
        </test-method> <!-- redirectToRestaurantStarBucksLink -->
        <test-method status="PASS" signature="getInitialTestSetup()[pri:0, instance:tests.InfrastructureFunctionalTest@246ae04d]" name="getInitialTestSetup" is-config="true" duration-ms="130" started-at="2017-09-07T12:12:43Z" finished-at="2017-09-07T12:12:43Z">
          <reporter-output>
          </reporter-output>
        </test-method> <!-- getInitialTestSetup -->
        <test-method status="PASS" signature="prepareTest()[pri:0, instance:tests.InfrastructureFunctionalTest@246ae04d]" name="prepareTest" is-config="true" duration-ms="194" started-at="2017-09-07T12:12:43Z" finished-at="2017-09-07T12:12:43Z">
          <reporter-output>
          </reporter-output>
        </test-method> <!-- prepareTest -->
        <test-method status="PASS" signature="redirectToServiceDelovarLink()[pri:0, instance:tests.InfrastructureFunctionalTest@246ae04d]" name="redirectToServiceDelovarLink" duration-ms="3551" started-at="2017-09-07T12:12:43Z" finished-at="2017-09-07T12:12:47Z">
          <reporter-output>
          </reporter-output>
        </test-method> <!-- redirectToServiceDelovarLink -->
        <test-method status="PASS" signature="getInitialTestSetup()[pri:0, instance:tests.InfrastructureFunctionalTest@246ae04d]" name="getInitialTestSetup" is-config="true" duration-ms="181" started-at="2017-09-07T12:12:47Z" finished-at="2017-09-07T12:12:47Z">
          <reporter-output>
          </reporter-output>
        </test-method> <!-- getInitialTestSetup -->
        <test-method status="PASS" signature="prepareTest()[pri:0, instance:tests.InfrastructureFunctionalTest@246ae04d]" name="prepareTest" is-config="true" duration-ms="271" started-at="2017-09-07T12:12:47Z" finished-at="2017-09-07T12:12:47Z">
          <reporter-output>
          </reporter-output>
        </test-method> <!-- prepareTest -->
        <test-method status="PASS" signature="redirectToShopEliteLink()[pri:0, instance:tests.InfrastructureFunctionalTest@246ae04d]" name="redirectToShopEliteLink" duration-ms="23653" started-at="2017-09-07T12:12:47Z" finished-at="2017-09-07T12:13:11Z">
          <reporter-output>
          </reporter-output>
        </test-method> <!-- redirectToShopEliteLink -->
        <test-method status="PASS" signature="getInitialTestSetup()[pri:0, instance:tests.InfrastructureFunctionalTest@246ae04d]" name="getInitialTestSetup" is-config="true" duration-ms="360" started-at="2017-09-07T12:13:11Z" finished-at="2017-09-07T12:13:11Z">
          <reporter-output>
          </reporter-output>
        </test-method> <!-- getInitialTestSetup -->
        <test-method status="PASS" signature="prepareTest()[pri:0, instance:tests.InfrastructureFunctionalTest@246ae04d]" name="prepareTest" is-config="true" duration-ms="177" started-at="2017-09-07T12:13:11Z" finished-at="2017-09-07T12:13:11Z">
          <reporter-output>
          </reporter-output>
        </test-method> <!-- prepareTest -->
        <test-method status="PASS" signature="redirectToSportPilatesLink()[pri:0, instance:tests.InfrastructureFunctionalTest@246ae04d]" name="redirectToSportPilatesLink" duration-ms="3962" started-at="2017-09-07T12:13:11Z" finished-at="2017-09-07T12:13:15Z">
          <reporter-output>
          </reporter-output>
        </test-method> <!-- redirectToSportPilatesLink -->
        <test-method status="PASS" signature="getInitialTestSetup()[pri:0, instance:tests.InfrastructureFunctionalTest@246ae04d]" name="getInitialTestSetup" is-config="true" duration-ms="191" started-at="2017-09-07T12:13:15Z" finished-at="2017-09-07T12:13:15Z">
          <reporter-output>
          </reporter-output>
        </test-method> <!-- getInitialTestSetup -->
        <test-method status="PASS" signature="afterClassTearDown()[pri:0, instance:tests.InfrastructureFunctionalTest@246ae04d]" name="afterClassTearDown" is-config="true" duration-ms="882" started-at="2017-09-07T12:13:15Z" finished-at="2017-09-07T12:13:16Z">
          <reporter-output>
          </reporter-output>
        </test-method> <!-- afterClassTearDown -->
      </class> <!-- tests.InfrastructureFunctionalTest -->
      <class name="tests.AdvantagesFuncTest">
        <test-method status="PASS" signature="beforeClassSetUp()[pri:0, instance:tests.AdvantagesFuncTest@180bc464]" name="beforeClassSetUp" is-config="true" duration-ms="9571" started-at="2017-09-07T12:09:24Z" finished-at="2017-09-07T12:09:33Z">
          <reporter-output>
          </reporter-output>
        </test-method> <!-- beforeClassSetUp -->
        <test-method status="PASS" signature="prepareTest()[pri:0, instance:tests.AdvantagesFuncTest@180bc464]" name="prepareTest" is-config="true" duration-ms="1333" started-at="2017-09-07T12:09:33Z" finished-at="2017-09-07T12:09:35Z">
          <reporter-output>
          </reporter-output>
        </test-method> <!-- prepareTest -->
        <test-method status="PASS" signature="openAdvantagesBlock()[pri:0, instance:tests.AdvantagesFuncTest@180bc464]" name="openAdvantagesBlock" duration-ms="631" started-at="2017-09-07T12:09:35Z" finished-at="2017-09-07T12:09:35Z">
          <reporter-output>
          </reporter-output>
        </test-method> <!-- openAdvantagesBlock -->
        <test-method status="PASS" signature="getInitialTestSetup()[pri:0, instance:tests.AdvantagesFuncTest@180bc464]" name="getInitialTestSetup" is-config="true" duration-ms="554" started-at="2017-09-07T12:09:35Z" finished-at="2017-09-07T12:09:36Z">
          <reporter-output>
          </reporter-output>
        </test-method> <!-- getInitialTestSetup -->
        <test-method status="PASS" signature="prepareTest()[pri:0, instance:tests.AdvantagesFuncTest@180bc464]" name="prepareTest" is-config="true" duration-ms="39" started-at="2017-09-07T12:09:36Z" finished-at="2017-09-07T12:09:36Z">
          <reporter-output>
          </reporter-output>
        </test-method> <!-- prepareTest -->
        <test-method status="PASS" signature="redirectToAdvantagesMap()[pri:0, instance:tests.AdvantagesFuncTest@180bc464]" name="redirectToAdvantagesMap" duration-ms="1517" started-at="2017-09-07T12:09:36Z" finished-at="2017-09-07T12:09:37Z">
          <reporter-output>
          </reporter-output>
        </test-method> <!-- redirectToAdvantagesMap -->
        <test-method status="PASS" signature="getInitialTestSetup()[pri:0, instance:tests.AdvantagesFuncTest@180bc464]" name="getInitialTestSetup" is-config="true" duration-ms="2044" started-at="2017-09-07T12:09:37Z" finished-at="2017-09-07T12:09:39Z">
          <reporter-output>
          </reporter-output>
        </test-method> <!-- getInitialTestSetup -->
        <test-method status="PASS" signature="prepareTest()[pri:0, instance:tests.AdvantagesFuncTest@180bc464]" name="prepareTest" is-config="true" duration-ms="632" started-at="2017-09-07T12:09:39Z" finished-at="2017-09-07T12:09:40Z">
          <reporter-output>
          </reporter-output>
        </test-method> <!-- prepareTest -->
        <test-method status="PASS" signature="redirectToMdmVideo()[pri:0, instance:tests.AdvantagesFuncTest@180bc464]" name="redirectToMdmVideo" duration-ms="1858" started-at="2017-09-07T12:09:40Z" finished-at="2017-09-07T12:09:42Z">
          <reporter-output>
          </reporter-output>
        </test-method> <!-- redirectToMdmVideo -->
        <test-method status="PASS" signature="getInitialTestSetup()[pri:0, instance:tests.AdvantagesFuncTest@180bc464]" name="getInitialTestSetup" is-config="true" duration-ms="589" started-at="2017-09-07T12:09:42Z" finished-at="2017-09-07T12:09:42Z">
          <reporter-output>
          </reporter-output>
        </test-method> <!-- getInitialTestSetup -->
        <test-method status="PASS" signature="prepareTest()[pri:0, instance:tests.AdvantagesFuncTest@180bc464]" name="prepareTest" is-config="true" duration-ms="31" started-at="2017-09-07T12:09:42Z" finished-at="2017-09-07T12:09:42Z">
          <reporter-output>
          </reporter-output>
        </test-method> <!-- prepareTest -->
        <test-method status="PASS" signature="redirectToMetroMap()[pri:0, instance:tests.AdvantagesFuncTest@180bc464]" name="redirectToMetroMap" duration-ms="995" started-at="2017-09-07T12:09:42Z" finished-at="2017-09-07T12:09:43Z">
          <reporter-output>
          </reporter-output>
        </test-method> <!-- redirectToMetroMap -->
        <test-method status="PASS" signature="getInitialTestSetup()[pri:0, instance:tests.AdvantagesFuncTest@180bc464]" name="getInitialTestSetup" is-config="true" duration-ms="1805" started-at="2017-09-07T12:09:43Z" finished-at="2017-09-07T12:09:45Z">
          <reporter-output>
          </reporter-output>
        </test-method> <!-- getInitialTestSetup -->
        <test-method status="PASS" signature="prepareTest()[pri:0, instance:tests.AdvantagesFuncTest@180bc464]" name="prepareTest" is-config="true" duration-ms="601" started-at="2017-09-07T12:09:45Z" finished-at="2017-09-07T12:09:46Z">
          <reporter-output>
          </reporter-output>
        </test-method> <!-- prepareTest -->
        <test-method status="PASS" signature="redirectToParkMap()[pri:0, instance:tests.AdvantagesFuncTest@180bc464]" name="redirectToParkMap" duration-ms="973" started-at="2017-09-07T12:09:46Z" finished-at="2017-09-07T12:09:47Z">
          <reporter-output>
          </reporter-output>
        </test-method> <!-- redirectToParkMap -->
        <test-method status="PASS" signature="getInitialTestSetup()[pri:0, instance:tests.AdvantagesFuncTest@180bc464]" name="getInitialTestSetup" is-config="true" duration-ms="1760" started-at="2017-09-07T12:09:47Z" finished-at="2017-09-07T12:09:49Z">
          <reporter-output>
          </reporter-output>
        </test-method> <!-- getInitialTestSetup -->
        <test-method status="PASS" signature="prepareTest()[pri:0, instance:tests.AdvantagesFuncTest@180bc464]" name="prepareTest" is-config="true" duration-ms="641" started-at="2017-09-07T12:09:49Z" finished-at="2017-09-07T12:09:49Z">
          <reporter-output>
          </reporter-output>
        </test-method> <!-- prepareTest -->
        <test-method status="PASS" signature="redirectToParkingMap()[pri:0, instance:tests.AdvantagesFuncTest@180bc464]" name="redirectToParkingMap" duration-ms="935" started-at="2017-09-07T12:09:49Z" finished-at="2017-09-07T12:09:50Z">
          <reporter-output>
          </reporter-output>
        </test-method> <!-- redirectToParkingMap -->
        <test-method status="PASS" signature="getInitialTestSetup()[pri:0, instance:tests.AdvantagesFuncTest@180bc464]" name="getInitialTestSetup" is-config="true" duration-ms="1747" started-at="2017-09-07T12:09:50Z" finished-at="2017-09-07T12:09:52Z">
          <reporter-output>
          </reporter-output>
        </test-method> <!-- getInitialTestSetup -->
        <test-method status="PASS" signature="prepareTest()[pri:0, instance:tests.AdvantagesFuncTest@180bc464]" name="prepareTest" is-config="true" duration-ms="619" started-at="2017-09-07T12:09:52Z" finished-at="2017-09-07T12:09:53Z">
          <reporter-output>
          </reporter-output>
        </test-method> <!-- prepareTest -->
        <test-method status="PASS" signature="redirectToTtkMap()[pri:0, instance:tests.AdvantagesFuncTest@180bc464]" name="redirectToTtkMap" duration-ms="988" started-at="2017-09-07T12:09:53Z" finished-at="2017-09-07T12:09:54Z">
          <reporter-output>
          </reporter-output>
        </test-method> <!-- redirectToTtkMap -->
        <test-method status="PASS" signature="getInitialTestSetup()[pri:0, instance:tests.AdvantagesFuncTest@180bc464]" name="getInitialTestSetup" is-config="true" duration-ms="1794" started-at="2017-09-07T12:09:54Z" finished-at="2017-09-07T12:09:55Z">
          <reporter-output>
          </reporter-output>
        </test-method> <!-- getInitialTestSetup -->
        <test-method status="PASS" signature="afterClassTearDown()[pri:0, instance:tests.AdvantagesFuncTest@180bc464]" name="afterClassTearDown" is-config="true" duration-ms="1171" started-at="2017-09-07T12:09:55Z" finished-at="2017-09-07T12:09:56Z">
          <reporter-output>
          </reporter-output>
        </test-method> <!-- afterClassTearDown -->
      </class> <!-- tests.AdvantagesFuncTest -->
      <class name="tests.LeftMenuFunctionalTest">
        <test-method status="PASS" signature="beforeClassSetUp()[pri:0, instance:tests.LeftMenuFunctionalTest@62043840]" name="beforeClassSetUp" is-config="true" duration-ms="5791" started-at="2017-09-07T12:13:16Z" finished-at="2017-09-07T12:13:22Z">
          <reporter-output>
          </reporter-output>
        </test-method> <!-- beforeClassSetUp -->
        <test-method status="PASS" signature="prepareTest()[pri:0, instance:tests.LeftMenuFunctionalTest@62043840]" name="prepareTest" is-config="true" duration-ms="980" started-at="2017-09-07T12:13:22Z" finished-at="2017-09-07T12:13:23Z">
          <reporter-output>
          </reporter-output>
        </test-method> <!-- prepareTest -->
        <test-method status="PASS" signature="redirectToConcertHallsRent()[pri:0, instance:tests.LeftMenuFunctionalTest@62043840]" name="redirectToConcertHallsRent" duration-ms="779" started-at="2017-09-07T12:13:23Z" finished-at="2017-09-07T12:13:24Z">
          <reporter-output>
          </reporter-output>
        </test-method> <!-- redirectToConcertHallsRent -->
        <test-method status="PASS" signature="prepareTest()[pri:0, instance:tests.LeftMenuFunctionalTest@62043840]" name="prepareTest" is-config="true" duration-ms="660" started-at="2017-09-07T12:13:24Z" finished-at="2017-09-07T12:13:24Z">
          <reporter-output>
          </reporter-output>
        </test-method> <!-- prepareTest -->
        <test-method status="PASS" signature="redirectToContactsLink()[pri:0, instance:tests.LeftMenuFunctionalTest@62043840]" name="redirectToContactsLink" duration-ms="436" started-at="2017-09-07T12:13:24Z" finished-at="2017-09-07T12:13:25Z">
          <reporter-output>
          </reporter-output>
        </test-method> <!-- redirectToContactsLink -->
        <test-method status="PASS" signature="prepareTest()[pri:0, instance:tests.LeftMenuFunctionalTest@62043840]" name="prepareTest" is-config="true" duration-ms="539" started-at="2017-09-07T12:13:25Z" finished-at="2017-09-07T12:13:25Z">
          <reporter-output>
          </reporter-output>
        </test-method> <!-- prepareTest -->
        <test-method status="PASS" signature="redirectToEventsLink()[pri:0, instance:tests.LeftMenuFunctionalTest@62043840]" name="redirectToEventsLink" duration-ms="920" started-at="2017-09-07T12:13:25Z" finished-at="2017-09-07T12:13:26Z">
          <reporter-output>
          </reporter-output>
        </test-method> <!-- redirectToEventsLink -->
        <test-method status="PASS" signature="prepareTest()[pri:0, instance:tests.LeftMenuFunctionalTest@62043840]" name="prepareTest" is-config="true" duration-ms="644" started-at="2017-09-07T12:13:26Z" finished-at="2017-09-07T12:13:27Z">
          <reporter-output>
          </reporter-output>
        </test-method> <!-- prepareTest -->
        <test-method status="PASS" signature="redirectToInfrastructureLink()[pri:0, instance:tests.LeftMenuFunctionalTest@62043840]" name="redirectToInfrastructureLink" duration-ms="643" started-at="2017-09-07T12:13:27Z" finished-at="2017-09-07T12:13:28Z">
          <reporter-output>
          </reporter-output>
        </test-method> <!-- redirectToInfrastructureLink -->
        <test-method status="PASS" signature="prepareTest()[pri:0, instance:tests.LeftMenuFunctionalTest@62043840]" name="prepareTest" is-config="true" duration-ms="631" started-at="2017-09-07T12:13:28Z" finished-at="2017-09-07T12:13:28Z">
          <reporter-output>
          </reporter-output>
        </test-method> <!-- prepareTest -->
        <test-method status="PASS" signature="redirectToMainPage()[pri:0, instance:tests.LeftMenuFunctionalTest@62043840]" name="redirectToMainPage" duration-ms="831" started-at="2017-09-07T12:13:28Z" finished-at="2017-09-07T12:13:29Z">
          <reporter-output>
          </reporter-output>
        </test-method> <!-- redirectToMainPage -->
        <test-method status="PASS" signature="prepareTest()[pri:0, instance:tests.LeftMenuFunctionalTest@62043840]" name="prepareTest" is-config="true" duration-ms="693" started-at="2017-09-07T12:13:29Z" finished-at="2017-09-07T12:13:30Z">
          <reporter-output>
          </reporter-output>
        </test-method> <!-- prepareTest -->
        <test-method status="PASS" signature="redirectToMdmHistory()[pri:0, instance:tests.LeftMenuFunctionalTest@62043840]" name="redirectToMdmHistory" duration-ms="625" started-at="2017-09-07T12:13:30Z" finished-at="2017-09-07T12:13:30Z">
          <reporter-output>
          </reporter-output>
        </test-method> <!-- redirectToMdmHistory -->
        <test-method status="PASS" signature="prepareTest()[pri:0, instance:tests.LeftMenuFunctionalTest@62043840]" name="prepareTest" is-config="true" duration-ms="656" started-at="2017-09-07T12:13:30Z" finished-at="2017-09-07T12:13:31Z">
          <reporter-output>
          </reporter-output>
        </test-method> <!-- prepareTest -->
        <test-method status="PASS" signature="redirectToPartnersLink()[pri:0, instance:tests.LeftMenuFunctionalTest@62043840]" name="redirectToPartnersLink" duration-ms="727" started-at="2017-09-07T12:13:31Z" finished-at="2017-09-07T12:13:32Z">
          <reporter-output>
          </reporter-output>
        </test-method> <!-- redirectToPartnersLink -->
        <test-method status="PASS" signature="prepareTest()[pri:0, instance:tests.LeftMenuFunctionalTest@62043840]" name="prepareTest" is-config="true" duration-ms="668" started-at="2017-09-07T12:13:32Z" finished-at="2017-09-07T12:13:32Z">
          <reporter-output>
          </reporter-output>
        </test-method> <!-- prepareTest -->
        <test-method status="PASS" signature="redirectToRoomsRentLink()[pri:0, instance:tests.LeftMenuFunctionalTest@62043840]" name="redirectToRoomsRentLink" duration-ms="437" started-at="2017-09-07T12:13:32Z" finished-at="2017-09-07T12:13:33Z">
          <reporter-output>
          </reporter-output>
        </test-method> <!-- redirectToRoomsRentLink -->
        <test-method status="PASS" signature="afterClassTearDown()[pri:0, instance:tests.LeftMenuFunctionalTest@62043840]" name="afterClassTearDown" is-config="true" duration-ms="738" started-at="2017-09-07T12:13:33Z" finished-at="2017-09-07T12:13:34Z">
          <reporter-output>
          </reporter-output>
        </test-method> <!-- afterClassTearDown -->
      </class> <!-- tests.LeftMenuFunctionalTest -->
      <class name="tests.MainPageFunctionalTest">
        <test-method status="PASS" signature="beforeClassSetUp()[pri:0, instance:tests.MainPageFunctionalTest@5315b42e]" name="beforeClassSetUp" is-config="true" duration-ms="5917" started-at="2017-09-07T12:13:34Z" finished-at="2017-09-07T12:13:40Z">
          <reporter-output>
          </reporter-output>
        </test-method> <!-- beforeClassSetUp -->
        <test-method status="PASS" signature="closeAdvantagesBlock()[pri:0, instance:tests.MainPageFunctionalTest@5315b42e]" name="closeAdvantagesBlock" duration-ms="2218" started-at="2017-09-07T12:13:40Z" finished-at="2017-09-07T12:13:42Z">
          <reporter-output>
          </reporter-output>
        </test-method> <!-- closeAdvantagesBlock -->
        <test-method status="PASS" signature="cleanUp()[pri:0, instance:tests.MainPageFunctionalTest@5315b42e]" name="cleanUp" is-config="true" duration-ms="15" started-at="2017-09-07T12:13:42Z" finished-at="2017-09-07T12:13:42Z">
          <reporter-output>
          </reporter-output>
        </test-method> <!-- cleanUp -->
        <test-method status="PASS" signature="closeEventsBlock()[pri:0, instance:tests.MainPageFunctionalTest@5315b42e]" name="closeEventsBlock" duration-ms="1838" started-at="2017-09-07T12:13:42Z" finished-at="2017-09-07T12:13:44Z">
          <reporter-output>
          </reporter-output>
        </test-method> <!-- closeEventsBlock -->
        <test-method status="PASS" signature="cleanUp()[pri:0, instance:tests.MainPageFunctionalTest@5315b42e]" name="cleanUp" is-config="true" duration-ms="19" started-at="2017-09-07T12:13:44Z" finished-at="2017-09-07T12:13:44Z">
          <reporter-output>
          </reporter-output>
        </test-method> <!-- cleanUp -->
        <test-method status="PASS" signature="closeRentBlock()[pri:0, instance:tests.MainPageFunctionalTest@5315b42e]" name="closeRentBlock" duration-ms="1845" started-at="2017-09-07T12:13:44Z" finished-at="2017-09-07T12:13:45Z">
          <reporter-output>
          </reporter-output>
        </test-method> <!-- closeRentBlock -->
        <test-method status="PASS" signature="cleanUp()[pri:0, instance:tests.MainPageFunctionalTest@5315b42e]" name="cleanUp" is-config="true" duration-ms="17" started-at="2017-09-07T12:13:45Z" finished-at="2017-09-07T12:13:45Z">
          <reporter-output>
          </reporter-output>
        </test-method> <!-- cleanUp -->
        <test-method status="PASS" signature="closeRestaurantsBlock()[pri:0, instance:tests.MainPageFunctionalTest@5315b42e]" name="closeRestaurantsBlock" duration-ms="2339" started-at="2017-09-07T12:13:45Z" finished-at="2017-09-07T12:13:48Z">
          <reporter-output>
          </reporter-output>
        </test-method> <!-- closeRestaurantsBlock -->
        <test-method status="PASS" signature="cleanUp()[pri:0, instance:tests.MainPageFunctionalTest@5315b42e]" name="cleanUp" is-config="true" duration-ms="21" started-at="2017-09-07T12:13:48Z" finished-at="2017-09-07T12:13:48Z">
          <reporter-output>
          </reporter-output>
        </test-method> <!-- cleanUp -->
        <test-method status="PASS" signature="redirectToMediaStormLink()[pri:0, instance:tests.MainPageFunctionalTest@5315b42e]" name="redirectToMediaStormLink" duration-ms="1797" started-at="2017-09-07T12:13:48Z" finished-at="2017-09-07T12:13:50Z">
          <reporter-output>
          </reporter-output>
        </test-method> <!-- redirectToMediaStormLink -->
        <test-method status="PASS" signature="cleanUp()[pri:0, instance:tests.MainPageFunctionalTest@5315b42e]" name="cleanUp" is-config="true" duration-ms="392" started-at="2017-09-07T12:13:50Z" finished-at="2017-09-07T12:13:50Z">
          <reporter-output>
          </reporter-output>
        </test-method> <!-- cleanUp -->
        <test-method status="PASS" signature="afterClassTearDown()[pri:0, instance:tests.MainPageFunctionalTest@5315b42e]" name="afterClassTearDown" is-config="true" duration-ms="735" started-at="2017-09-07T12:13:50Z" finished-at="2017-09-07T12:13:51Z">
          <reporter-output>
          </reporter-output>
        </test-method> <!-- afterClassTearDown -->
      </class> <!-- tests.MainPageFunctionalTest -->
      <class name="tests.RentFunctionalTest">
        <test-method status="PASS" signature="beforeClassSetUp()[pri:0, instance:tests.RentFunctionalTest@2ef9b8bc]" name="beforeClassSetUp" is-config="true" duration-ms="7169" started-at="2017-09-07T12:13:51Z" finished-at="2017-09-07T12:13:58Z">
          <reporter-output>
          </reporter-output>
        </test-method> <!-- beforeClassSetUp -->
        <test-method status="PASS" signature="prepareTest()[pri:0, instance:tests.RentFunctionalTest@2ef9b8bc]" name="prepareTest" is-config="true" duration-ms="1528" started-at="2017-09-07T12:13:58Z" finished-at="2017-09-07T12:13:59Z">
          <reporter-output>
          </reporter-output>
        </test-method> <!-- prepareTest -->
        <test-method status="PASS" signature="openRentBlock()[pri:0, instance:tests.RentFunctionalTest@2ef9b8bc]" name="openRentBlock" duration-ms="550" started-at="2017-09-07T12:13:59Z" finished-at="2017-09-07T12:14:00Z">
          <reporter-output>
          </reporter-output>
        </test-method> <!-- openRentBlock -->
        <test-method status="PASS" signature="getInitialTestSetup()[pri:0, instance:tests.RentFunctionalTest@2ef9b8bc]" name="getInitialTestSetup" is-config="true" duration-ms="6" started-at="2017-09-07T12:14:00Z" finished-at="2017-09-07T12:14:00Z">
          <reporter-output>
          </reporter-output>
        </test-method> <!-- getInitialTestSetup -->
        <test-method status="PASS" signature="prepareTest()[pri:0, instance:tests.RentFunctionalTest@2ef9b8bc]" name="prepareTest" is-config="true" duration-ms="541" started-at="2017-09-07T12:14:00Z" finished-at="2017-09-07T12:14:01Z">
          <reporter-output>
          </reporter-output>
        </test-method> <!-- prepareTest -->
        <test-method status="PASS" signature="redirectToAllRoomsLink()[pri:0, instance:tests.RentFunctionalTest@2ef9b8bc]" name="redirectToAllRoomsLink" duration-ms="1161" started-at="2017-09-07T12:14:01Z" finished-at="2017-09-07T12:14:02Z">
          <reporter-output>
          </reporter-output>
        </test-method> <!-- redirectToAllRoomsLink -->
        <test-method status="PASS" signature="getInitialTestSetup()[pri:0, instance:tests.RentFunctionalTest@2ef9b8bc]" name="getInitialTestSetup" is-config="true" duration-ms="729" started-at="2017-09-07T12:14:02Z" finished-at="2017-09-07T12:14:02Z">
          <reporter-output>
          </reporter-output>
        </test-method> <!-- getInitialTestSetup -->
        <test-method status="PASS" signature="prepareTest()[pri:0, instance:tests.RentFunctionalTest@2ef9b8bc]" name="prepareTest" is-config="true" duration-ms="1278" started-at="2017-09-07T12:14:02Z" finished-at="2017-09-07T12:14:04Z">
          <reporter-output>
          </reporter-output>
        </test-method> <!-- prepareTest -->
        <test-method status="PASS" signature="redirectToGreatHallLink()[pri:0, instance:tests.RentFunctionalTest@2ef9b8bc]" name="redirectToGreatHallLink" duration-ms="1662" started-at="2017-09-07T12:14:04Z" finished-at="2017-09-07T12:14:05Z">
          <reporter-output>
          </reporter-output>
        </test-method> <!-- redirectToGreatHallLink -->
        <test-method status="PASS" signature="getInitialTestSetup()[pri:0, instance:tests.RentFunctionalTest@2ef9b8bc]" name="getInitialTestSetup" is-config="true" duration-ms="717" started-at="2017-09-07T12:14:05Z" finished-at="2017-09-07T12:14:06Z">
          <reporter-output>
          </reporter-output>
        </test-method> <!-- getInitialTestSetup -->
        <test-method status="PASS" signature="prepareTest()[pri:0, instance:tests.RentFunctionalTest@2ef9b8bc]" name="prepareTest" is-config="true" duration-ms="1276" started-at="2017-09-07T12:14:06Z" finished-at="2017-09-07T12:14:07Z">
          <reporter-output>
          </reporter-output>
        </test-method> <!-- prepareTest -->
        <test-method status="FAIL" signature="redirectToGreatHallOrder()[pri:0, instance:tests.RentFunctionalTest@2ef9b8bc]" name="redirectToGreatHallOrder" duration-ms="6028" started-at="2017-09-07T12:14:07Z" finished-at="2017-09-07T12:14:13Z">
          <exception class="org.openqa.selenium.TimeoutException">
            <message>
              <![CDATA[Expected condition failed: waiting for visibility of [[ChromeDriver: chrome on XP (7645b6ff679290a7358da20615beab24)] -> xpath: //*[@class='g-block__action']//child::a[@href='/halls/great.html#gorent']] (tried for 5 second(s) with 500 MILLISECONDS interval)
Build info: version: '3.4.0', revision: 'unknown', time: 'unknown'
System info: host: 'TROLLIZER-PC', ip: '192.168.116.16', os.name: 'Windows 7', os.arch: 'amd64', os.version: '6.1', java.version: '1.8.0_131'
Driver info: org.openqa.selenium.chrome.ChromeDriver
Capabilities [{applicationCacheEnabled=false, rotatable=false, mobileEmulationEnabled=false, networkConnectionEnabled=false, chrome={chromedriverVersion=2.32.498550 (9dec58e66c31bcc53a9ce3c7226f0c1c5810906a), userDataDir=C:\Users\TROLLI~1\AppData\Local\Temp\scoped_dir8852_1041}, takesHeapSnapshot=true, pageLoadStrategy=normal, databaseEnabled=false, handlesAlerts=true, hasTouchScreen=false, version=61.0.3163.79, platform=XP, browserConnectionEnabled=false, nativeEvents=true, acceptSslCerts=true, locationContextEnabled=true, webStorageEnabled=true, browserName=chrome, takesScreenshot=true, javascriptEnabled=true, cssSelectorsEnabled=true, setWindowRect=true, unexpectedAlertBehaviour=}]
Session ID: 7645b6ff679290a7358da20615beab24]]>
            </message>
            <full-stacktrace>
              <![CDATA[org.openqa.selenium.TimeoutException: Expected condition failed: waiting for visibility of [[ChromeDriver: chrome on XP (7645b6ff679290a7358da20615beab24)] -> xpath: //*[@class='g-block__action']//child::a[@href='/halls/great.html#gorent']] (tried for 5 second(s) with 500 MILLISECONDS interval)
Build info: version: '3.4.0', revision: 'unknown', time: 'unknown'
System info: host: 'TROLLIZER-PC', ip: '192.168.116.16', os.name: 'Windows 7', os.arch: 'amd64', os.version: '6.1', java.version: '1.8.0_131'
Driver info: org.openqa.selenium.chrome.ChromeDriver
Capabilities [{applicationCacheEnabled=false, rotatable=false, mobileEmulationEnabled=false, networkConnectionEnabled=false, chrome={chromedriverVersion=2.32.498550 (9dec58e66c31bcc53a9ce3c7226f0c1c5810906a), userDataDir=C:\Users\TROLLI~1\AppData\Local\Temp\scoped_dir8852_1041}, takesHeapSnapshot=true, pageLoadStrategy=normal, databaseEnabled=false, handlesAlerts=true, hasTouchScreen=false, version=61.0.3163.79, platform=XP, browserConnectionEnabled=false, nativeEvents=true, acceptSslCerts=true, locationContextEnabled=true, webStorageEnabled=true, browserName=chrome, takesScreenshot=true, javascriptEnabled=true, cssSelectorsEnabled=true, setWindowRect=true, unexpectedAlertBehaviour=}]
Session ID: 7645b6ff679290a7358da20615beab24
	at org.openqa.selenium.support.ui.WebDriverWait.timeoutException(WebDriverWait.java:80)
	at org.openqa.selenium.support.ui.FluentWait.until(FluentWait.java:232)
	at pages.StartPage.waitUntilVisible(StartPage.java:32)
	at pages.StartPage.clickGreatHallOrderLink(StartPage.java:315)
	at tests.RentFunctionalTest.redirectToGreatHallOrder(RentFunctionalTest.java:48)
	at sun.reflect.NativeMethodAccessorImpl.invoke0(Native Method)
	at sun.reflect.NativeMethodAccessorImpl.invoke(NativeMethodAccessorImpl.java:62)
	at sun.reflect.DelegatingMethodAccessorImpl.invoke(DelegatingMethodAccessorImpl.java:43)
	at java.lang.reflect.Method.invoke(Method.java:498)
	at org.testng.internal.MethodInvocationHelper.invokeMethod(MethodInvocationHelper.java:108)
	at org.testng.internal.Invoker.invokeMethod(Invoker.java:661)
	at org.testng.internal.Invoker.invokeTestMethod(Invoker.java:869)
	at org.testng.internal.Invoker.invokeTestMethods(Invoker.java:1193)
	at org.testng.internal.TestMethodWorker.invokeTestMethods(TestMethodWorker.java:126)
	at org.testng.internal.TestMethodWorker.run(TestMethodWorker.java:109)
	at org.testng.TestRunner.privateRun(TestRunner.java:744)
	at org.testng.TestRunner.run(TestRunner.java:602)
	at org.testng.SuiteRunner.runTest(SuiteRunner.java:380)
	at org.testng.SuiteRunner.runSequentially(SuiteRunner.java:375)
	at org.testng.SuiteRunner.privateRun(SuiteRunner.java:340)
	at org.testng.SuiteRunner.run(SuiteRunner.java:289)
	at org.testng.SuiteRunnerWorker.runSuite(SuiteRunnerWorker.java:52)
	at org.testng.SuiteRunnerWorker.run(SuiteRunnerWorker.java:86)
	at org.testng.TestNG.runSuitesSequentially(TestNG.java:1301)
	at org.testng.TestNG.runSuitesLocally(TestNG.java:1226)
	at org.testng.TestNG.runSuites(TestNG.java:1144)
	at org.testng.TestNG.run(TestNG.java:1115)
	at org.apache.maven.surefire.testng.TestNGExecutor.run(TestNGExecutor.java:77)
	at org.apache.maven.surefire.testng.TestNGDirectoryTestSuite.executeMulti(TestNGDirectoryTestSuite.java:159)
	at org.apache.maven.surefire.testng.TestNGDirectoryTestSuite.execute(TestNGDirectoryTestSuite.java:99)
	at org.apache.maven.surefire.testng.TestNGProvider.invoke(TestNGProvider.java:106)
	at sun.reflect.NativeMethodAccessorImpl.invoke0(Native Method)
	at sun.reflect.NativeMethodAccessorImpl.invoke(NativeMethodAccessorImpl.java:62)
	at sun.reflect.DelegatingMethodAccessorImpl.invoke(DelegatingMethodAccessorImpl.java:43)
	at java.lang.reflect.Method.invoke(Method.java:498)
	at org.apache.maven.surefire.util.ReflectionUtils.invokeMethodWithArray(ReflectionUtils.java:189)
	at org.apache.maven.surefire.booter.ProviderFactory$ProviderProxy.invoke(ProviderFactory.java:165)
	at org.apache.maven.surefire.booter.ProviderFactory.invokeProvider(ProviderFactory.java:85)
	at org.apache.maven.surefire.booter.ForkedBooter.runSuitesInProcess(ForkedBooter.java:115)
	at org.apache.maven.surefire.booter.ForkedBooter.main(ForkedBooter.java:75)
]]>
            </full-stacktrace>
          </exception> <!-- org.openqa.selenium.TimeoutException -->
          <reporter-output>
          </reporter-output>
        </test-method> <!-- redirectToGreatHallOrder -->
        <test-method status="PASS" signature="getInitialTestSetup()[pri:0, instance:tests.RentFunctionalTest@2ef9b8bc]" name="getInitialTestSetup" is-config="true" duration-ms="10" started-at="2017-09-07T12:14:13Z" finished-at="2017-09-07T12:14:13Z">
          <reporter-output>
          </reporter-output>
        </test-method> <!-- getInitialTestSetup -->
        <test-method status="PASS" signature="prepareTest()[pri:0, instance:tests.RentFunctionalTest@2ef9b8bc]" name="prepareTest" is-config="true" duration-ms="553" started-at="2017-09-07T12:14:13Z" finished-at="2017-09-07T12:14:14Z">
          <reporter-output>
          </reporter-output>
        </test-method> <!-- prepareTest -->
        <test-method status="PASS" signature="redirectToParquetHallLink()[pri:0, instance:tests.RentFunctionalTest@2ef9b8bc]" name="redirectToParquetHallLink" duration-ms="1447" started-at="2017-09-07T12:14:14Z" finished-at="2017-09-07T12:14:15Z">
          <reporter-output>
          </reporter-output>
        </test-method> <!-- redirectToParquetHallLink -->
        <test-method status="PASS" signature="getInitialTestSetup()[pri:0, instance:tests.RentFunctionalTest@2ef9b8bc]" name="getInitialTestSetup" is-config="true" duration-ms="736" started-at="2017-09-07T12:14:15Z" finished-at="2017-09-07T12:14:16Z">
          <reporter-output>
          </reporter-output>
        </test-method> <!-- getInitialTestSetup -->
        <test-method status="PASS" signature="prepareTest()[pri:0, instance:tests.RentFunctionalTest@2ef9b8bc]" name="prepareTest" is-config="true" duration-ms="1384" started-at="2017-09-07T12:14:16Z" finished-at="2017-09-07T12:14:18Z">
          <reporter-output>
          </reporter-output>
        </test-method> <!-- prepareTest -->
        <test-method status="FAIL" signature="redirectToParquetHallOrder()[pri:0, instance:tests.RentFunctionalTest@2ef9b8bc]" name="redirectToParquetHallOrder" duration-ms="6104" started-at="2017-09-07T12:14:18Z" finished-at="2017-09-07T12:14:24Z">
          <exception class="org.openqa.selenium.TimeoutException">
            <message>
              <![CDATA[Expected condition failed: waiting for visibility of [[ChromeDriver: chrome on XP (7645b6ff679290a7358da20615beab24)] -> xpath: //*[@class='g-block__action']//child::a[@href='/halls/parket.html#gorent']] (tried for 5 second(s) with 500 MILLISECONDS interval)
Build info: version: '3.4.0', revision: 'unknown', time: 'unknown'
System info: host: 'TROLLIZER-PC', ip: '192.168.116.16', os.name: 'Windows 7', os.arch: 'amd64', os.version: '6.1', java.version: '1.8.0_131'
Driver info: org.openqa.selenium.chrome.ChromeDriver
Capabilities [{applicationCacheEnabled=false, rotatable=false, mobileEmulationEnabled=false, networkConnectionEnabled=false, chrome={chromedriverVersion=2.32.498550 (9dec58e66c31bcc53a9ce3c7226f0c1c5810906a), userDataDir=C:\Users\TROLLI~1\AppData\Local\Temp\scoped_dir8852_1041}, takesHeapSnapshot=true, pageLoadStrategy=normal, databaseEnabled=false, handlesAlerts=true, hasTouchScreen=false, version=61.0.3163.79, platform=XP, browserConnectionEnabled=false, nativeEvents=true, acceptSslCerts=true, locationContextEnabled=true, webStorageEnabled=true, browserName=chrome, takesScreenshot=true, javascriptEnabled=true, cssSelectorsEnabled=true, setWindowRect=true, unexpectedAlertBehaviour=}]
Session ID: 7645b6ff679290a7358da20615beab24]]>
            </message>
            <full-stacktrace>
              <![CDATA[org.openqa.selenium.TimeoutException: Expected condition failed: waiting for visibility of [[ChromeDriver: chrome on XP (7645b6ff679290a7358da20615beab24)] -> xpath: //*[@class='g-block__action']//child::a[@href='/halls/parket.html#gorent']] (tried for 5 second(s) with 500 MILLISECONDS interval)
Build info: version: '3.4.0', revision: 'unknown', time: 'unknown'
System info: host: 'TROLLIZER-PC', ip: '192.168.116.16', os.name: 'Windows 7', os.arch: 'amd64', os.version: '6.1', java.version: '1.8.0_131'
Driver info: org.openqa.selenium.chrome.ChromeDriver
Capabilities [{applicationCacheEnabled=false, rotatable=false, mobileEmulationEnabled=false, networkConnectionEnabled=false, chrome={chromedriverVersion=2.32.498550 (9dec58e66c31bcc53a9ce3c7226f0c1c5810906a), userDataDir=C:\Users\TROLLI~1\AppData\Local\Temp\scoped_dir8852_1041}, takesHeapSnapshot=true, pageLoadStrategy=normal, databaseEnabled=false, handlesAlerts=true, hasTouchScreen=false, version=61.0.3163.79, platform=XP, browserConnectionEnabled=false, nativeEvents=true, acceptSslCerts=true, locationContextEnabled=true, webStorageEnabled=true, browserName=chrome, takesScreenshot=true, javascriptEnabled=true, cssSelectorsEnabled=true, setWindowRect=true, unexpectedAlertBehaviour=}]
Session ID: 7645b6ff679290a7358da20615beab24
	at org.openqa.selenium.support.ui.WebDriverWait.timeoutException(WebDriverWait.java:80)
	at org.openqa.selenium.support.ui.FluentWait.until(FluentWait.java:232)
	at pages.StartPage.waitUntilVisible(StartPage.java:32)
	at pages.StartPage.clickParquetHallOrderLink(StartPage.java:320)
	at tests.RentFunctionalTest.redirectToParquetHallOrder(RentFunctionalTest.java:55)
	at sun.reflect.NativeMethodAccessorImpl.invoke0(Native Method)
	at sun.reflect.NativeMethodAccessorImpl.invoke(NativeMethodAccessorImpl.java:62)
	at sun.reflect.DelegatingMethodAccessorImpl.invoke(DelegatingMethodAccessorImpl.java:43)
	at java.lang.reflect.Method.invoke(Method.java:498)
	at org.testng.internal.MethodInvocationHelper.invokeMethod(MethodInvocationHelper.java:108)
	at org.testng.internal.Invoker.invokeMethod(Invoker.java:661)
	at org.testng.internal.Invoker.invokeTestMethod(Invoker.java:869)
	at org.testng.internal.Invoker.invokeTestMethods(Invoker.java:1193)
	at org.testng.internal.TestMethodWorker.invokeTestMethods(TestMethodWorker.java:126)
	at org.testng.internal.TestMethodWorker.run(TestMethodWorker.java:109)
	at org.testng.TestRunner.privateRun(TestRunner.java:744)
	at org.testng.TestRunner.run(TestRunner.java:602)
	at org.testng.SuiteRunner.runTest(SuiteRunner.java:380)
	at org.testng.SuiteRunner.runSequentially(SuiteRunner.java:375)
	at org.testng.SuiteRunner.privateRun(SuiteRunner.java:340)
	at org.testng.SuiteRunner.run(SuiteRunner.java:289)
	at org.testng.SuiteRunnerWorker.runSuite(SuiteRunnerWorker.java:52)
	at org.testng.SuiteRunnerWorker.run(SuiteRunnerWorker.java:86)
	at org.testng.TestNG.runSuitesSequentially(TestNG.java:1301)
	at org.testng.TestNG.runSuitesLocally(TestNG.java:1226)
	at org.testng.TestNG.runSuites(TestNG.java:1144)
	at org.testng.TestNG.run(TestNG.java:1115)
	at org.apache.maven.surefire.testng.TestNGExecutor.run(TestNGExecutor.java:77)
	at org.apache.maven.surefire.testng.TestNGDirectoryTestSuite.executeMulti(TestNGDirectoryTestSuite.java:159)
	at org.apache.maven.surefire.testng.TestNGDirectoryTestSuite.execute(TestNGDirectoryTestSuite.java:99)
	at org.apache.maven.surefire.testng.TestNGProvider.invoke(TestNGProvider.java:106)
	at sun.reflect.NativeMethodAccessorImpl.invoke0(Native Method)
	at sun.reflect.NativeMethodAccessorImpl.invoke(NativeMethodAccessorImpl.java:62)
	at sun.reflect.DelegatingMethodAccessorImpl.invoke(DelegatingMethodAccessorImpl.java:43)
	at java.lang.reflect.Method.invoke(Method.java:498)
	at org.apache.maven.surefire.util.ReflectionUtils.invokeMethodWithArray(ReflectionUtils.java:189)
	at org.apache.maven.surefire.booter.ProviderFactory$ProviderProxy.invoke(ProviderFactory.java:165)
	at org.apache.maven.surefire.booter.ProviderFactory.invokeProvider(ProviderFactory.java:85)
	at org.apache.maven.surefire.booter.ForkedBooter.runSuitesInProcess(ForkedBooter.java:115)
	at org.apache.maven.surefire.booter.ForkedBooter.main(ForkedBooter.java:75)
]]>
            </full-stacktrace>
          </exception> <!-- org.openqa.selenium.TimeoutException -->
          <reporter-output>
          </reporter-output>
        </test-method> <!-- redirectToParquetHallOrder -->
        <test-method status="PASS" signature="getInitialTestSetup()[pri:0, instance:tests.RentFunctionalTest@2ef9b8bc]" name="getInitialTestSetup" is-config="true" duration-ms="15" started-at="2017-09-07T12:14:24Z" finished-at="2017-09-07T12:14:24Z">
          <reporter-output>
          </reporter-output>
        </test-method> <!-- getInitialTestSetup -->
        <test-method status="PASS" signature="prepareTest()[pri:0, instance:tests.RentFunctionalTest@2ef9b8bc]" name="prepareTest" is-config="true" duration-ms="560" started-at="2017-09-07T12:14:24Z" finished-at="2017-09-07T12:14:24Z">
          <reporter-output>
          </reporter-output>
        </test-method> <!-- prepareTest -->
        <test-method status="PASS" signature="redirectToWatchAllRoomsLink()[pri:0, instance:tests.RentFunctionalTest@2ef9b8bc]" name="redirectToWatchAllRoomsLink" duration-ms="1221" started-at="2017-09-07T12:14:24Z" finished-at="2017-09-07T12:14:25Z">
          <reporter-output>
          </reporter-output>
        </test-method> <!-- redirectToWatchAllRoomsLink -->
        <test-method status="PASS" signature="getInitialTestSetup()[pri:0, instance:tests.RentFunctionalTest@2ef9b8bc]" name="getInitialTestSetup" is-config="true" duration-ms="559" started-at="2017-09-07T12:14:25Z" finished-at="2017-09-07T12:14:26Z">
          <reporter-output>
          </reporter-output>
        </test-method> <!-- getInitialTestSetup -->
        <test-method status="PASS" signature="afterClassTearDown()[pri:0, instance:tests.RentFunctionalTest@2ef9b8bc]" name="afterClassTearDown" is-config="true" duration-ms="781" started-at="2017-09-07T12:14:26Z" finished-at="2017-09-07T12:14:27Z">
          <reporter-output>
          </reporter-output>
        </test-method> <!-- afterClassTearDown -->
      </class> <!-- tests.RentFunctionalTest -->
      <class name="tests.EventsFunctionalTest">
        <test-method status="PASS" signature="beforeClassSetUp()[pri:0, instance:tests.EventsFunctionalTest@2c6a3f77]" name="beforeClassSetUp" is-config="true" duration-ms="7277" started-at="2017-09-07T12:10:13Z" finished-at="2017-09-07T12:10:20Z">
          <reporter-output>
          </reporter-output>
        </test-method> <!-- beforeClassSetUp -->
        <test-method status="PASS" signature="prepareTest()[pri:0, instance:tests.EventsFunctionalTest@2c6a3f77]" name="prepareTest" is-config="true" duration-ms="1477" started-at="2017-09-07T12:10:20Z" finished-at="2017-09-07T12:10:21Z">
          <reporter-output>
          </reporter-output>
        </test-method> <!-- prepareTest -->
        <test-method status="PASS" signature="openEventsBlock()[pri:0, instance:tests.EventsFunctionalTest@2c6a3f77]" name="openEventsBlock" duration-ms="772" started-at="2017-09-07T12:10:21Z" finished-at="2017-09-07T12:10:22Z">
          <reporter-output>
          </reporter-output>
        </test-method> <!-- openEventsBlock -->
        <test-method status="PASS" signature="getInitialTestSetup()[pri:0, instance:tests.EventsFunctionalTest@2c6a3f77]" name="getInitialTestSetup" is-config="true" duration-ms="541" started-at="2017-09-07T12:10:22Z" finished-at="2017-09-07T12:10:23Z">
          <reporter-output>
          </reporter-output>
        </test-method> <!-- getInitialTestSetup -->
        <test-method status="PASS" signature="prepareTest()[pri:0, instance:tests.EventsFunctionalTest@2c6a3f77]" name="prepareTest" is-config="true" duration-ms="29" started-at="2017-09-07T12:10:23Z" finished-at="2017-09-07T12:10:23Z">
          <reporter-output>
          </reporter-output>
        </test-method> <!-- prepareTest -->
        <test-method status="PASS" signature="redirectToBuyVipService()[pri:0, instance:tests.EventsFunctionalTest@2c6a3f77]" name="redirectToBuyVipService" duration-ms="19560" started-at="2017-09-07T12:10:23Z" finished-at="2017-09-07T12:10:42Z">
          <reporter-output>
          </reporter-output>
        </test-method> <!-- redirectToBuyVipService -->
        <test-method status="PASS" signature="getInitialTestSetup()[pri:0, instance:tests.EventsFunctionalTest@2c6a3f77]" name="getInitialTestSetup" is-config="true" duration-ms="2229" started-at="2017-09-07T12:10:42Z" finished-at="2017-09-07T12:10:45Z">
          <reporter-output>
          </reporter-output>
        </test-method> <!-- getInitialTestSetup -->
        <test-method status="PASS" signature="prepareTest()[pri:0, instance:tests.EventsFunctionalTest@2c6a3f77]" name="prepareTest" is-config="true" duration-ms="54" started-at="2017-09-07T12:10:45Z" finished-at="2017-09-07T12:10:45Z">
          <reporter-output>
          </reporter-output>
        </test-method> <!-- prepareTest -->
        <test-method status="PASS" signature="redirectToEventInfo()[pri:0, instance:tests.EventsFunctionalTest@2c6a3f77]" name="redirectToEventInfo" duration-ms="1384" started-at="2017-09-07T12:10:45Z" finished-at="2017-09-07T12:10:46Z">
          <reporter-output>
          </reporter-output>
        </test-method> <!-- redirectToEventInfo -->
        <test-method status="PASS" signature="getInitialTestSetup()[pri:0, instance:tests.EventsFunctionalTest@2c6a3f77]" name="getInitialTestSetup" is-config="true" duration-ms="1880" started-at="2017-09-07T12:10:46Z" finished-at="2017-09-07T12:10:48Z">
          <reporter-output>
          </reporter-output>
        </test-method> <!-- getInitialTestSetup -->
        <test-method status="PASS" signature="prepareTest()[pri:0, instance:tests.EventsFunctionalTest@2c6a3f77]" name="prepareTest" is-config="true" duration-ms="79" started-at="2017-09-07T12:10:48Z" finished-at="2017-09-07T12:10:48Z">
          <reporter-output>
          </reporter-output>
        </test-method> <!-- prepareTest -->
        <test-method status="PASS" signature="redirectToEventVIPInfo()[pri:0, instance:tests.EventsFunctionalTest@2c6a3f77]" name="redirectToEventVIPInfo" duration-ms="1394" started-at="2017-09-07T12:10:48Z" finished-at="2017-09-07T12:10:49Z">
          <reporter-output>
          </reporter-output>
        </test-method> <!-- redirectToEventVIPInfo -->
        <test-method status="PASS" signature="getInitialTestSetup()[pri:0, instance:tests.EventsFunctionalTest@2c6a3f77]" name="getInitialTestSetup" is-config="true" duration-ms="1722" started-at="2017-09-07T12:10:49Z" finished-at="2017-09-07T12:10:51Z">
          <reporter-output>
          </reporter-output>
        </test-method> <!-- getInitialTestSetup -->
        <test-method status="PASS" signature="afterClassTearDown()[pri:0, instance:tests.EventsFunctionalTest@2c6a3f77]" name="afterClassTearDown" is-config="true" duration-ms="776" started-at="2017-09-07T12:10:51Z" finished-at="2017-09-07T12:10:52Z">
          <reporter-output>
          </reporter-output>
        </test-method> <!-- afterClassTearDown -->
      </class> <!-- tests.EventsFunctionalTest -->
      <class name="tests.RestaurantsFunctionalTest">
        <test-method status="PASS" signature="beforeClassSetUp()[pri:0, instance:tests.RestaurantsFunctionalTest@5d624da6]" name="beforeClassSetUp" is-config="true" duration-ms="5970" started-at="2017-09-07T12:14:27Z" finished-at="2017-09-07T12:14:33Z">
          <reporter-output>
          </reporter-output>
        </test-method> <!-- beforeClassSetUp -->
        <test-method status="PASS" signature="prepareTest()[pri:0, instance:tests.RestaurantsFunctionalTest@5d624da6]" name="prepareTest" is-config="true" duration-ms="1509" started-at="2017-09-07T12:14:33Z" finished-at="2017-09-07T12:14:34Z">
          <reporter-output>
          </reporter-output>
        </test-method> <!-- prepareTest -->
        <test-method status="PASS" signature="openRestaurantsBlock()[pri:0, instance:tests.RestaurantsFunctionalTest@5d624da6]" name="openRestaurantsBlock" duration-ms="1121" started-at="2017-09-07T12:14:34Z" finished-at="2017-09-07T12:14:35Z">
          <reporter-output>
          </reporter-output>
        </test-method> <!-- openRestaurantsBlock -->
        <test-method status="PASS" signature="getInitialTestSetup()[pri:0, instance:tests.RestaurantsFunctionalTest@5d624da6]" name="getInitialTestSetup" is-config="true" duration-ms="1054" started-at="2017-09-07T12:14:35Z" finished-at="2017-09-07T12:14:36Z">
          <reporter-output>
          </reporter-output>
        </test-method> <!-- getInitialTestSetup -->
        <test-method status="PASS" signature="prepareTest()[pri:0, instance:tests.RestaurantsFunctionalTest@5d624da6]" name="prepareTest" is-config="true" duration-ms="27" started-at="2017-09-07T12:14:36Z" finished-at="2017-09-07T12:14:36Z">
          <reporter-output>
          </reporter-output>
        </test-method> <!-- prepareTest -->
        <test-method status="PASS" signature="redirectToAllArendatorsList()[pri:0, instance:tests.RestaurantsFunctionalTest@5d624da6]" name="redirectToAllArendatorsList" duration-ms="1545" started-at="2017-09-07T12:14:36Z" finished-at="2017-09-07T12:14:38Z">
          <reporter-output>
          </reporter-output>
        </test-method> <!-- redirectToAllArendatorsList -->
        <test-method status="PASS" signature="getInitialTestSetup()[pri:0, instance:tests.RestaurantsFunctionalTest@5d624da6]" name="getInitialTestSetup" is-config="true" duration-ms="2401" started-at="2017-09-07T12:14:38Z" finished-at="2017-09-07T12:14:40Z">
          <reporter-output>
          </reporter-output>
        </test-method> <!-- getInitialTestSetup -->
        <test-method status="PASS" signature="prepareTest()[pri:0, instance:tests.RestaurantsFunctionalTest@5d624da6]" name="prepareTest" is-config="true" duration-ms="99" started-at="2017-09-07T12:14:40Z" finished-at="2017-09-07T12:14:41Z">
          <reporter-output>
          </reporter-output>
        </test-method> <!-- prepareTest -->
        <test-method status="PASS" signature="redirectToCoffeTimeWebSite()[pri:0, instance:tests.RestaurantsFunctionalTest@5d624da6]" name="redirectToCoffeTimeWebSite" duration-ms="2573" started-at="2017-09-07T12:14:41Z" finished-at="2017-09-07T12:14:43Z">
          <reporter-output>
          </reporter-output>
        </test-method> <!-- redirectToCoffeTimeWebSite -->
        <test-method status="PASS" signature="getInitialTestSetup()[pri:0, instance:tests.RestaurantsFunctionalTest@5d624da6]" name="getInitialTestSetup" is-config="true" duration-ms="1273" started-at="2017-09-07T12:14:43Z" finished-at="2017-09-07T12:14:44Z">
          <reporter-output>
          </reporter-output>
        </test-method> <!-- getInitialTestSetup -->
        <test-method status="PASS" signature="prepareTest()[pri:0, instance:tests.RestaurantsFunctionalTest@5d624da6]" name="prepareTest" is-config="true" duration-ms="25" started-at="2017-09-07T12:14:44Z" finished-at="2017-09-07T12:14:44Z">
          <reporter-output>
          </reporter-output>
        </test-method> <!-- prepareTest -->
        <test-method status="PASS" signature="redirectToFudaWebSite()[pri:0, instance:tests.RestaurantsFunctionalTest@5d624da6]" name="redirectToFudaWebSite" duration-ms="1706" started-at="2017-09-07T12:14:44Z" finished-at="2017-09-07T12:14:46Z">
          <reporter-output>
          </reporter-output>
        </test-method> <!-- redirectToFudaWebSite -->
        <test-method status="PASS" signature="getInitialTestSetup()[pri:0, instance:tests.RestaurantsFunctionalTest@5d624da6]" name="getInitialTestSetup" is-config="true" duration-ms="1204" started-at="2017-09-07T12:14:46Z" finished-at="2017-09-07T12:14:47Z">
          <reporter-output>
          </reporter-output>
        </test-method> <!-- getInitialTestSetup -->
        <test-method status="PASS" signature="prepareTest()[pri:0, instance:tests.RestaurantsFunctionalTest@5d624da6]" name="prepareTest" is-config="true" duration-ms="31" started-at="2017-09-07T12:14:47Z" finished-at="2017-09-07T12:14:47Z">
          <reporter-output>
          </reporter-output>
        </test-method> <!-- prepareTest -->
        <test-method status="PASS" signature="redirectToPrazdnikVkusaWebSite()[pri:0, instance:tests.RestaurantsFunctionalTest@5d624da6]" name="redirectToPrazdnikVkusaWebSite" duration-ms="9012" started-at="2017-09-07T12:14:47Z" finished-at="2017-09-07T12:14:56Z">
          <reporter-output>
          </reporter-output>
        </test-method> <!-- redirectToPrazdnikVkusaWebSite -->
        <test-method status="PASS" signature="getInitialTestSetup()[pri:0, instance:tests.RestaurantsFunctionalTest@5d624da6]" name="getInitialTestSetup" is-config="true" duration-ms="1319" started-at="2017-09-07T12:14:56Z" finished-at="2017-09-07T12:14:58Z">
          <reporter-output>
          </reporter-output>
        </test-method> <!-- getInitialTestSetup -->
        <test-method status="PASS" signature="prepareTest()[pri:0, instance:tests.RestaurantsFunctionalTest@5d624da6]" name="prepareTest" is-config="true" duration-ms="70" started-at="2017-09-07T12:14:58Z" finished-at="2017-09-07T12:14:58Z">
          <reporter-output>
          </reporter-output>
        </test-method> <!-- prepareTest -->
        <test-method status="PASS" signature="redirectToRestaurantsMap()[pri:0, instance:tests.RestaurantsFunctionalTest@5d624da6]" name="redirectToRestaurantsMap" duration-ms="1459" started-at="2017-09-07T12:14:58Z" finished-at="2017-09-07T12:14:59Z">
          <reporter-output>
          </reporter-output>
        </test-method> <!-- redirectToRestaurantsMap -->
        <test-method status="PASS" signature="getInitialTestSetup()[pri:0, instance:tests.RestaurantsFunctionalTest@5d624da6]" name="getInitialTestSetup" is-config="true" duration-ms="2355" started-at="2017-09-07T12:14:59Z" finished-at="2017-09-07T12:15:02Z">
          <reporter-output>
          </reporter-output>
        </test-method> <!-- getInitialTestSetup -->
        <test-method status="PASS" signature="prepareTest()[pri:0, instance:tests.RestaurantsFunctionalTest@5d624da6]" name="prepareTest" is-config="true" duration-ms="84" started-at="2017-09-07T12:15:02Z" finished-at="2017-09-07T12:15:02Z">
          <reporter-output>
          </reporter-output>
        </test-method> <!-- prepareTest -->
        <test-method status="PASS" signature="redirectToStarBucksWebSite()[pri:0, instance:tests.RestaurantsFunctionalTest@5d624da6]" name="redirectToStarBucksWebSite" duration-ms="7219" started-at="2017-09-07T12:15:02Z" finished-at="2017-09-07T12:15:09Z">
          <reporter-output>
          </reporter-output>
        </test-method> <!-- redirectToStarBucksWebSite -->
        <test-method status="PASS" signature="getInitialTestSetup()[pri:0, instance:tests.RestaurantsFunctionalTest@5d624da6]" name="getInitialTestSetup" is-config="true" duration-ms="1333" started-at="2017-09-07T12:15:09Z" finished-at="2017-09-07T12:15:10Z">
          <reporter-output>
          </reporter-output>
        </test-method> <!-- getInitialTestSetup -->
        <test-method status="PASS" signature="afterClassTearDown()[pri:0, instance:tests.RestaurantsFunctionalTest@5d624da6]" name="afterClassTearDown" is-config="true" duration-ms="792" started-at="2017-09-07T12:15:10Z" finished-at="2017-09-07T12:15:11Z">
          <reporter-output>
          </reporter-output>
        </test-method> <!-- afterClassTearDown -->
      </class> <!-- tests.RestaurantsFunctionalTest -->
      <class name="tests.ContactsFunctionalTest">
        <test-method status="PASS" signature="beforeClassSetUp()[pri:0, instance:tests.ContactsFunctionalTest@1324409e]" name="beforeClassSetUp" is-config="true" duration-ms="6595" started-at="2017-09-07T12:09:56Z" finished-at="2017-09-07T12:10:03Z">
          <reporter-output>
          </reporter-output>
        </test-method> <!-- beforeClassSetUp -->
        <test-method status="PASS" signature="prepareTest()[pri:0, instance:tests.ContactsFunctionalTest@1324409e]" name="prepareTest" is-config="true" duration-ms="1481" started-at="2017-09-07T12:10:03Z" finished-at="2017-09-07T12:10:05Z">
          <reporter-output>
          </reporter-output>
        </test-method> <!-- prepareTest -->
        <test-method status="PASS" signature="openContactsBlock()[pri:0, instance:tests.ContactsFunctionalTest@1324409e]" name="openContactsBlock" duration-ms="127" started-at="2017-09-07T12:10:05Z" finished-at="2017-09-07T12:10:05Z">
          <reporter-output>
          </reporter-output>
        </test-method> <!-- openContactsBlock -->
        <test-method status="PASS" signature="getInitialTestSetup()[pri:0, instance:tests.ContactsFunctionalTest@1324409e]" name="getInitialTestSetup" is-config="true" duration-ms="71" started-at="2017-09-07T12:10:05Z" finished-at="2017-09-07T12:10:05Z">
          <reporter-output>
          </reporter-output>
        </test-method> <!-- getInitialTestSetup -->
        <test-method status="PASS" signature="prepareTest()[pri:0, instance:tests.ContactsFunctionalTest@1324409e]" name="prepareTest" is-config="true" duration-ms="42" started-at="2017-09-07T12:10:05Z" finished-at="2017-09-07T12:10:05Z">
          <reporter-output>
          </reporter-output>
        </test-method> <!-- prepareTest -->
        <test-method status="PASS" signature="redirectToGoogleMaps()[pri:0, instance:tests.ContactsFunctionalTest@1324409e]" name="redirectToGoogleMaps" duration-ms="6408" started-at="2017-09-07T12:10:05Z" finished-at="2017-09-07T12:10:11Z">
          <reporter-output>
          </reporter-output>
        </test-method> <!-- redirectToGoogleMaps -->
        <test-method status="PASS" signature="getInitialTestSetup()[pri:0, instance:tests.ContactsFunctionalTest@1324409e]" name="getInitialTestSetup" is-config="true" duration-ms="651" started-at="2017-09-07T12:10:11Z" finished-at="2017-09-07T12:10:12Z">
          <reporter-output>
          </reporter-output>
        </test-method> <!-- getInitialTestSetup -->
        <test-method status="PASS" signature="afterClassTearDown()[pri:0, instance:tests.ContactsFunctionalTest@1324409e]" name="afterClassTearDown" is-config="true" duration-ms="771" started-at="2017-09-07T12:10:12Z" finished-at="2017-09-07T12:10:13Z">
          <reporter-output>
          </reporter-output>
        </test-method> <!-- afterClassTearDown -->
      </class> <!-- tests.ContactsFunctionalTest -->
    </test> <!-- Command line test -->
  </suite> <!-- Command line suite -->
</testng-results>
